<?xml version="1.0" encoding="UTF-8"?>
<robot generator="Robot 3.0.4 (Python 3.6.4 on darwin)" generated="20181014 23:03:43.275">
<suite id="s1" name="Robotframework" source="/Users/AngTengHuat/Desktop/VJ_SS/Robotframework">
<suite id="s1-s1" name="1 Register Tests" source="/Users/AngTengHuat/Desktop/VJ_SS/Robotframework/1_Register_Tests.robot">
<test id="s1-s1-t1" name="Valid Register">
<kw name="Given browser is opened to register page">
<kw name="Open Browser To Register Page" library="Resource">
<kw name="Open Browser" library="Selenium2Library">
<doc>Opens a new browser instance to the given ``url``.</doc>
<arguments>
<arg>${REGISTER URL}</arg>
<arg>browser=${BROWSER}</arg>
</arguments>
<msg timestamp="20181014 23:03:43.480" level="INFO">Opening browser 'chrome' to base url 'http://localhost:4000/sign_up/new'.</msg>
<status status="PASS" starttime="20181014 23:03:43.479" endtime="20181014 23:03:46.278"></status>
</kw>
<kw name="Maximize Browser Window" library="Selenium2Library">
<doc>Maximizes current browser window.</doc>
<status status="PASS" starttime="20181014 23:03:46.278" endtime="20181014 23:03:46.481"></status>
</kw>
<kw name="Set Selenium Speed" library="Selenium2Library">
<doc>Sets the delay that is waited after each Selenium command.</doc>
<arguments>
<arg>${DELAY}</arg>
</arguments>
<status status="PASS" starttime="20181014 23:03:46.482" endtime="20181014 23:03:46.482"></status>
</kw>
<kw name="Register Page Should Be Open" library="Resource">
<kw name="Page Should Contain Element" library="Selenium2Library">
<doc>Verifies that element ``locator`` is found on the current page.</doc>
<arguments>
<arg>${REGISTER BTN}</arg>
</arguments>
<msg timestamp="20181014 23:03:46.491" level="INFO">Current page contains element 'jquery:body &gt; div &gt; main &gt; div &gt; form &gt; div &gt; div &gt; div &gt; div &gt; button:contains("Register")'.</msg>
<status status="PASS" starttime="20181014 23:03:46.483" endtime="20181014 23:03:46.491"></status>
</kw>
<status status="PASS" starttime="20181014 23:03:46.483" endtime="20181014 23:03:46.492"></status>
</kw>
<status status="PASS" starttime="20181014 23:03:43.479" endtime="20181014 23:03:46.492"></status>
</kw>
<status status="PASS" starttime="20181014 23:03:43.479" endtime="20181014 23:03:46.492"></status>
</kw>
<kw name="When user enters email &quot;${TEST EMAIL}&quot; and password &quot;${TEST PW}&quot;">
<kw name="Input Email">
<arguments>
<arg>${email}</arg>
</arguments>
<kw name="Input Text" library="Selenium2Library">
<doc>Types the given ``text`` into text field identified by ``locator``.</doc>
<arguments>
<arg>${EMAIL INPUT}</arg>
<arg>${email}</arg>
</arguments>
<msg timestamp="20181014 23:03:46.493" level="INFO">Typing text 'test@test.com' into text field 'jquery:#user_email'.</msg>
<status status="PASS" starttime="20181014 23:03:46.493" endtime="20181014 23:03:46.608"></status>
</kw>
<status status="PASS" starttime="20181014 23:03:46.493" endtime="20181014 23:03:46.608"></status>
</kw>
<kw name="Input Password">
<arguments>
<arg>${password}</arg>
</arguments>
<kw name="Input Text" library="Selenium2Library">
<doc>Types the given ``text`` into text field identified by ``locator``.</doc>
<arguments>
<arg>${PW INPUT}</arg>
<arg>${password}</arg>
</arguments>
<msg timestamp="20181014 23:03:46.609" level="INFO">Typing text 'testpassword' into text field 'jquery:#user_password'.</msg>
<status status="PASS" starttime="20181014 23:03:46.609" endtime="20181014 23:03:46.717"></status>
</kw>
<status status="PASS" starttime="20181014 23:03:46.608" endtime="20181014 23:03:46.717"></status>
</kw>
<status status="PASS" starttime="20181014 23:03:46.492" endtime="20181014 23:03:46.717"></status>
</kw>
<kw name="And enters name &quot;${TEST NAME}&quot; and bio &quot;${TEST BIO}&quot;">
<kw name="Input Name">
<arguments>
<arg>${name}</arg>
</arguments>
<kw name="Input Text" library="Selenium2Library">
<doc>Types the given ``text`` into text field identified by ``locator``.</doc>
<arguments>
<arg>${NAME INPUT}</arg>
<arg>${name}</arg>
</arguments>
<msg timestamp="20181014 23:03:46.718" level="INFO">Typing text 'Valid Register' into text field 'jquery:#user_name'.</msg>
<status status="PASS" starttime="20181014 23:03:46.718" endtime="20181014 23:03:46.822"></status>
</kw>
<status status="PASS" starttime="20181014 23:03:46.718" endtime="20181014 23:03:46.822"></status>
</kw>
<kw name="Input Bio">
<arguments>
<arg>${bio}</arg>
</arguments>
<kw name="Input Text" library="Selenium2Library">
<doc>Types the given ``text`` into text field identified by ``locator``.</doc>
<arguments>
<arg>${BIO INPUT}</arg>
<arg>${bio}</arg>
</arguments>
<msg timestamp="20181014 23:03:46.823" level="INFO">Typing text 'testuser' into text field 'jquery:#user_bio'.</msg>
<status status="PASS" starttime="20181014 23:03:46.822" endtime="20181014 23:03:46.891"></status>
</kw>
<status status="PASS" starttime="20181014 23:03:46.822" endtime="20181014 23:03:46.892"></status>
</kw>
<status status="PASS" starttime="20181014 23:03:46.717" endtime="20181014 23:03:46.892"></status>
</kw>
<kw name="And enters password confirmation &quot;${TEST PW CONFIRM}&quot;">
<kw name="Input Password Confirmation">
<arguments>
<arg>${password_confirmation}</arg>
</arguments>
<kw name="Input Text" library="Selenium2Library">
<doc>Types the given ``text`` into text field identified by ``locator``.</doc>
<arguments>
<arg>${PW CONFIRM INPUT}</arg>
<arg>${password}</arg>
</arguments>
<msg timestamp="20181014 23:03:46.893" level="INFO">Typing text 'testpassword' into text field 'jquery:#user_password_confirmation'.</msg>
<status status="PASS" starttime="20181014 23:03:46.893" endtime="20181014 23:03:46.968"></status>
</kw>
<status status="PASS" starttime="20181014 23:03:46.893" endtime="20181014 23:03:46.968"></status>
</kw>
<status status="PASS" starttime="20181014 23:03:46.892" endtime="20181014 23:03:46.968"></status>
</kw>
<kw name="And submit for registeration">
<kw name="Submit Credentials">
<kw name="Click Button" library="Selenium2Library">
<doc>Clicks button identified by ``locator``.</doc>
<arguments>
<arg>${REGISTER BTN}</arg>
</arguments>
<msg timestamp="20181014 23:03:46.969" level="INFO">Clicking button 'jquery:body &gt; div &gt; main &gt; div &gt; form &gt; div &gt; div &gt; div &gt; div &gt; button:contains("Register")'.</msg>
<status status="PASS" starttime="20181014 23:03:46.969" endtime="20181014 23:03:47.503"></status>
</kw>
<status status="PASS" starttime="20181014 23:03:46.969" endtime="20181014 23:03:47.503"></status>
</kw>
<status status="PASS" starttime="20181014 23:03:46.969" endtime="20181014 23:03:47.503"></status>
</kw>
<kw name="Then successful registeration message should be shown">
<kw name="Page Should Contain Element" library="Selenium2Library">
<doc>Verifies that element ``locator`` is found on the current page.</doc>
<arguments>
<arg>${VALID ELEMENT}</arg>
</arguments>
<msg timestamp="20181014 23:03:47.513" level="INFO">Current page contains element 'jquery:body &gt; div &gt; p.alert.alert-info:contains("User account created successfully!")'.</msg>
<status status="PASS" starttime="20181014 23:03:47.504" endtime="20181014 23:03:47.513"></status>
</kw>
<status status="PASS" starttime="20181014 23:03:47.504" endtime="20181014 23:03:47.513"></status>
</kw>
<kw name="Close Browser" library="Selenium2Library" type="teardown">
<doc>Closes the current browser.</doc>
<status status="PASS" starttime="20181014 23:03:47.513" endtime="20181014 23:03:47.580"></status>
</kw>
<status status="PASS" starttime="20181014 23:03:43.478" endtime="20181014 23:03:47.580" critical="yes"></status>
</test>
<test id="s1-s1-t2" name="Invalid Password Format">
<kw name="Given browser is opened to register page">
<kw name="Open Browser To Register Page" library="Resource">
<kw name="Open Browser" library="Selenium2Library">
<doc>Opens a new browser instance to the given ``url``.</doc>
<arguments>
<arg>${REGISTER URL}</arg>
<arg>browser=${BROWSER}</arg>
</arguments>
<msg timestamp="20181014 23:03:47.584" level="INFO">Opening browser 'chrome' to base url 'http://localhost:4000/sign_up/new'.</msg>
<status status="PASS" starttime="20181014 23:03:47.583" endtime="20181014 23:03:50.527"></status>
</kw>
<kw name="Maximize Browser Window" library="Selenium2Library">
<doc>Maximizes current browser window.</doc>
<status status="PASS" starttime="20181014 23:03:50.528" endtime="20181014 23:03:50.731"></status>
</kw>
<kw name="Set Selenium Speed" library="Selenium2Library">
<doc>Sets the delay that is waited after each Selenium command.</doc>
<arguments>
<arg>${DELAY}</arg>
</arguments>
<status status="PASS" starttime="20181014 23:03:50.731" endtime="20181014 23:03:50.732"></status>
</kw>
<kw name="Register Page Should Be Open" library="Resource">
<kw name="Page Should Contain Element" library="Selenium2Library">
<doc>Verifies that element ``locator`` is found on the current page.</doc>
<arguments>
<arg>${REGISTER BTN}</arg>
</arguments>
<msg timestamp="20181014 23:03:50.745" level="INFO">Current page contains element 'jquery:body &gt; div &gt; main &gt; div &gt; form &gt; div &gt; div &gt; div &gt; div &gt; button:contains("Register")'.</msg>
<status status="PASS" starttime="20181014 23:03:50.733" endtime="20181014 23:03:50.746"></status>
</kw>
<status status="PASS" starttime="20181014 23:03:50.732" endtime="20181014 23:03:50.746"></status>
</kw>
<status status="PASS" starttime="20181014 23:03:47.583" endtime="20181014 23:03:50.746"></status>
</kw>
<status status="PASS" starttime="20181014 23:03:47.582" endtime="20181014 23:03:50.746"></status>
</kw>
<kw name="When user enters email &quot;${TEST EMAIL}&quot; and password &quot;${INVALID LENGTH PW}&quot;">
<kw name="Input Email">
<arguments>
<arg>${email}</arg>
</arguments>
<kw name="Input Text" library="Selenium2Library">
<doc>Types the given ``text`` into text field identified by ``locator``.</doc>
<arguments>
<arg>${EMAIL INPUT}</arg>
<arg>${email}</arg>
</arguments>
<msg timestamp="20181014 23:03:50.748" level="INFO">Typing text 'test@test.com' into text field 'jquery:#user_email'.</msg>
<status status="PASS" starttime="20181014 23:03:50.748" endtime="20181014 23:03:50.948"></status>
</kw>
<status status="PASS" starttime="20181014 23:03:50.747" endtime="20181014 23:03:50.948"></status>
</kw>
<kw name="Input Password">
<arguments>
<arg>${password}</arg>
</arguments>
<kw name="Input Text" library="Selenium2Library">
<doc>Types the given ``text`` into text field identified by ``locator``.</doc>
<arguments>
<arg>${PW INPUT}</arg>
<arg>${password}</arg>
</arguments>
<msg timestamp="20181014 23:03:50.949" level="INFO">Typing text 'asdd' into text field 'jquery:#user_password'.</msg>
<status status="PASS" starttime="20181014 23:03:50.949" endtime="20181014 23:03:51.058"></status>
</kw>
<status status="PASS" starttime="20181014 23:03:50.948" endtime="20181014 23:03:51.059"></status>
</kw>
<status status="PASS" starttime="20181014 23:03:50.746" endtime="20181014 23:03:51.059"></status>
</kw>
<kw name="And enters name &quot;${TEST NAME}&quot; and bio &quot;${TEST BIO}&quot;">
<kw name="Input Name">
<arguments>
<arg>${name}</arg>
</arguments>
<kw name="Input Text" library="Selenium2Library">
<doc>Types the given ``text`` into text field identified by ``locator``.</doc>
<arguments>
<arg>${NAME INPUT}</arg>
<arg>${name}</arg>
</arguments>
<msg timestamp="20181014 23:03:51.061" level="INFO">Typing text 'Invalid Password Format' into text field 'jquery:#user_name'.</msg>
<status status="PASS" starttime="20181014 23:03:51.060" endtime="20181014 23:03:51.269"></status>
</kw>
<status status="PASS" starttime="20181014 23:03:51.060" endtime="20181014 23:03:51.270"></status>
</kw>
<kw name="Input Bio">
<arguments>
<arg>${bio}</arg>
</arguments>
<kw name="Input Text" library="Selenium2Library">
<doc>Types the given ``text`` into text field identified by ``locator``.</doc>
<arguments>
<arg>${BIO INPUT}</arg>
<arg>${bio}</arg>
</arguments>
<msg timestamp="20181014 23:03:51.272" level="INFO">Typing text 'testuser' into text field 'jquery:#user_bio'.</msg>
<status status="PASS" starttime="20181014 23:03:51.271" endtime="20181014 23:03:51.361"></status>
</kw>
<status status="PASS" starttime="20181014 23:03:51.270" endtime="20181014 23:03:51.361"></status>
</kw>
<status status="PASS" starttime="20181014 23:03:51.059" endtime="20181014 23:03:51.361"></status>
</kw>
<kw name="And enters password confirmation &quot;${INVALID LENGTH PW CONFIRM}&quot;">
<kw name="Input Password Confirmation">
<arguments>
<arg>${password_confirmation}</arg>
</arguments>
<kw name="Input Text" library="Selenium2Library">
<doc>Types the given ``text`` into text field identified by ``locator``.</doc>
<arguments>
<arg>${PW CONFIRM INPUT}</arg>
<arg>${password}</arg>
</arguments>
<msg timestamp="20181014 23:03:51.363" level="INFO">Typing text 'asdd' into text field 'jquery:#user_password_confirmation'.</msg>
<status status="PASS" starttime="20181014 23:03:51.363" endtime="20181014 23:03:51.432"></status>
</kw>
<status status="PASS" starttime="20181014 23:03:51.362" endtime="20181014 23:03:51.433"></status>
</kw>
<status status="PASS" starttime="20181014 23:03:51.362" endtime="20181014 23:03:51.433"></status>
</kw>
<kw name="And submit for registeration">
<kw name="Submit Credentials">
<kw name="Click Button" library="Selenium2Library">
<doc>Clicks button identified by ``locator``.</doc>
<arguments>
<arg>${REGISTER BTN}</arg>
</arguments>
<msg timestamp="20181014 23:03:51.434" level="INFO">Clicking button 'jquery:body &gt; div &gt; main &gt; div &gt; form &gt; div &gt; div &gt; div &gt; div &gt; button:contains("Register")'.</msg>
<status status="PASS" starttime="20181014 23:03:51.434" endtime="20181014 23:03:51.651"></status>
</kw>
<status status="PASS" starttime="20181014 23:03:51.433" endtime="20181014 23:03:51.651"></status>
</kw>
<status status="PASS" starttime="20181014 23:03:51.433" endtime="20181014 23:03:51.651"></status>
</kw>
<kw name="Then invalid password length message should be shown">
<kw name="Page Should Contain Element" library="Selenium2Library">
<doc>Verifies that element ``locator`` is found on the current page.</doc>
<arguments>
<arg>${INVALID ELEMENT}</arg>
</arguments>
<msg timestamp="20181014 23:03:51.663" level="INFO">Current page contains element 'jquery:body &gt; div &gt; main &gt; div &gt; form &gt; div.alert.alert-danger &gt; p:contains("Oops, something went wrong! Please check the errors below.")'.</msg>
<status status="PASS" starttime="20181014 23:03:51.653" endtime="20181014 23:03:51.663"></status>
</kw>
<kw name="Page Should Contain Element" library="Selenium2Library">
<doc>Verifies that element ``locator`` is found on the current page.</doc>
<arguments>
<arg>${INVALID PW ELEMENT}</arg>
</arguments>
<msg timestamp="20181014 23:03:51.672" level="INFO">Current page contains element 'jquery:body &gt; div &gt; main &gt; div &gt; form &gt; div.container-fluid &gt; div &gt; div:nth-child(3) &gt; span:contains("should be at least 8 character(s)")'.</msg>
<status status="PASS" starttime="20181014 23:03:51.663" endtime="20181014 23:03:51.672"></status>
</kw>
<status status="PASS" starttime="20181014 23:03:51.652" endtime="20181014 23:03:51.672"></status>
</kw>
<kw name="Close Browser" library="Selenium2Library" type="teardown">
<doc>Closes the current browser.</doc>
<status status="PASS" starttime="20181014 23:03:51.673" endtime="20181014 23:03:51.743"></status>
</kw>
<status status="PASS" starttime="20181014 23:03:47.582" endtime="20181014 23:03:51.743" critical="yes"></status>
</test>
<test id="s1-s1-t3" name="Mismatched Password Confirmation">
<kw name="Given browser is opened to register page">
<kw name="Open Browser To Register Page" library="Resource">
<kw name="Open Browser" library="Selenium2Library">
<doc>Opens a new browser instance to the given ``url``.</doc>
<arguments>
<arg>${REGISTER URL}</arg>
<arg>browser=${BROWSER}</arg>
</arguments>
<msg timestamp="20181014 23:03:51.746" level="INFO">Opening browser 'chrome' to base url 'http://localhost:4000/sign_up/new'.</msg>
<status status="PASS" starttime="20181014 23:03:51.745" endtime="20181014 23:03:54.490"></status>
</kw>
<kw name="Maximize Browser Window" library="Selenium2Library">
<doc>Maximizes current browser window.</doc>
<status status="PASS" starttime="20181014 23:03:54.491" endtime="20181014 23:03:54.687"></status>
</kw>
<kw name="Set Selenium Speed" library="Selenium2Library">
<doc>Sets the delay that is waited after each Selenium command.</doc>
<arguments>
<arg>${DELAY}</arg>
</arguments>
<status status="PASS" starttime="20181014 23:03:54.687" endtime="20181014 23:03:54.688"></status>
</kw>
<kw name="Register Page Should Be Open" library="Resource">
<kw name="Page Should Contain Element" library="Selenium2Library">
<doc>Verifies that element ``locator`` is found on the current page.</doc>
<arguments>
<arg>${REGISTER BTN}</arg>
</arguments>
<msg timestamp="20181014 23:03:54.697" level="INFO">Current page contains element 'jquery:body &gt; div &gt; main &gt; div &gt; form &gt; div &gt; div &gt; div &gt; div &gt; button:contains("Register")'.</msg>
<status status="PASS" starttime="20181014 23:03:54.688" endtime="20181014 23:03:54.697"></status>
</kw>
<status status="PASS" starttime="20181014 23:03:54.688" endtime="20181014 23:03:54.697"></status>
</kw>
<status status="PASS" starttime="20181014 23:03:51.745" endtime="20181014 23:03:54.698"></status>
</kw>
<status status="PASS" starttime="20181014 23:03:51.745" endtime="20181014 23:03:54.698"></status>
</kw>
<kw name="When user enters email &quot;${TEST EMAIL}&quot; and password &quot;${INVALID PW}&quot;">
<kw name="Input Email">
<arguments>
<arg>${email}</arg>
</arguments>
<kw name="Input Text" library="Selenium2Library">
<doc>Types the given ``text`` into text field identified by ``locator``.</doc>
<arguments>
<arg>${EMAIL INPUT}</arg>
<arg>${email}</arg>
</arguments>
<msg timestamp="20181014 23:03:54.700" level="INFO">Typing text 'test@test.com' into text field 'jquery:#user_email'.</msg>
<status status="PASS" starttime="20181014 23:03:54.700" endtime="20181014 23:03:54.839"></status>
</kw>
<status status="PASS" starttime="20181014 23:03:54.699" endtime="20181014 23:03:54.839"></status>
</kw>
<kw name="Input Password">
<arguments>
<arg>${password}</arg>
</arguments>
<kw name="Input Text" library="Selenium2Library">
<doc>Types the given ``text`` into text field identified by ``locator``.</doc>
<arguments>
<arg>${PW INPUT}</arg>
<arg>${password}</arg>
</arguments>
<msg timestamp="20181014 23:03:54.840" level="INFO">Typing text 'asddsaasd' into text field 'jquery:#user_password'.</msg>
<status status="PASS" starttime="20181014 23:03:54.840" endtime="20181014 23:03:54.923"></status>
</kw>
<status status="PASS" starttime="20181014 23:03:54.839" endtime="20181014 23:03:54.923"></status>
</kw>
<status status="PASS" starttime="20181014 23:03:54.698" endtime="20181014 23:03:54.923"></status>
</kw>
<kw name="And enters name &quot;${TEST NAME}&quot; and bio &quot;${TEST BIO}&quot;">
<kw name="Input Name">
<arguments>
<arg>${name}</arg>
</arguments>
<kw name="Input Text" library="Selenium2Library">
<doc>Types the given ``text`` into text field identified by ``locator``.</doc>
<arguments>
<arg>${NAME INPUT}</arg>
<arg>${name}</arg>
</arguments>
<msg timestamp="20181014 23:03:54.924" level="INFO">Typing text 'Mismatched Password Confirmation' into text field 'jquery:#user_name'.</msg>
<status status="PASS" starttime="20181014 23:03:54.924" endtime="20181014 23:03:55.058"></status>
</kw>
<status status="PASS" starttime="20181014 23:03:54.924" endtime="20181014 23:03:55.058"></status>
</kw>
<kw name="Input Bio">
<arguments>
<arg>${bio}</arg>
</arguments>
<kw name="Input Text" library="Selenium2Library">
<doc>Types the given ``text`` into text field identified by ``locator``.</doc>
<arguments>
<arg>${BIO INPUT}</arg>
<arg>${bio}</arg>
</arguments>
<msg timestamp="20181014 23:03:55.059" level="INFO">Typing text 'testuser' into text field 'jquery:#user_bio'.</msg>
<status status="PASS" starttime="20181014 23:03:55.059" endtime="20181014 23:03:55.125"></status>
</kw>
<status status="PASS" starttime="20181014 23:03:55.059" endtime="20181014 23:03:55.126"></status>
</kw>
<status status="PASS" starttime="20181014 23:03:54.923" endtime="20181014 23:03:55.126"></status>
</kw>
<kw name="And enters password confirmation &quot;${INVALID PW CONFIRM}&quot;">
<kw name="Input Password Confirmation">
<arguments>
<arg>${password_confirmation}</arg>
</arguments>
<kw name="Input Text" library="Selenium2Library">
<doc>Types the given ``text`` into text field identified by ``locator``.</doc>
<arguments>
<arg>${PW CONFIRM INPUT}</arg>
<arg>${password}</arg>
</arguments>
<msg timestamp="20181014 23:03:55.127" level="INFO">Typing text 'dsadsadsa' into text field 'jquery:#user_password_confirmation'.</msg>
<status status="PASS" starttime="20181014 23:03:55.127" endtime="20181014 23:03:55.213"></status>
</kw>
<status status="PASS" starttime="20181014 23:03:55.126" endtime="20181014 23:03:55.213"></status>
</kw>
<status status="PASS" starttime="20181014 23:03:55.126" endtime="20181014 23:03:55.213"></status>
</kw>
<kw name="And submit for registeration">
<kw name="Submit Credentials">
<kw name="Click Button" library="Selenium2Library">
<doc>Clicks button identified by ``locator``.</doc>
<arguments>
<arg>${REGISTER BTN}</arg>
</arguments>
<msg timestamp="20181014 23:03:55.214" level="INFO">Clicking button 'jquery:body &gt; div &gt; main &gt; div &gt; form &gt; div &gt; div &gt; div &gt; div &gt; button:contains("Register")'.</msg>
<status status="PASS" starttime="20181014 23:03:55.214" endtime="20181014 23:03:55.406"></status>
</kw>
<status status="PASS" starttime="20181014 23:03:55.214" endtime="20181014 23:03:55.406"></status>
</kw>
<status status="PASS" starttime="20181014 23:03:55.213" endtime="20181014 23:03:55.406"></status>
</kw>
<kw name="Then mismatched password confirmation message should be shown">
<kw name="Page Should Contain Element" library="Selenium2Library">
<doc>Verifies that element ``locator`` is found on the current page.</doc>
<arguments>
<arg>${INVALID ELEMENT}</arg>
</arguments>
<msg timestamp="20181014 23:03:55.419" level="INFO">Current page contains element 'jquery:body &gt; div &gt; main &gt; div &gt; form &gt; div.alert.alert-danger &gt; p:contains("Oops, something went wrong! Please check the errors below.")'.</msg>
<status status="PASS" starttime="20181014 23:03:55.407" endtime="20181014 23:03:55.419"></status>
</kw>
<kw name="Page Should Contain Element" library="Selenium2Library">
<doc>Verifies that element ``locator`` is found on the current page.</doc>
<arguments>
<arg>${INVALID PW CONFIRM ELEMENT}</arg>
</arguments>
<msg timestamp="20181014 23:03:55.431" level="INFO">Current page contains element 'jquery:body &gt; div &gt; main &gt; div &gt; form &gt; div.container-fluid &gt; div &gt; div:nth-child(4) &gt; span:contains("does not match confirmation")'.</msg>
<status status="PASS" starttime="20181014 23:03:55.420" endtime="20181014 23:03:55.431"></status>
</kw>
<status status="PASS" starttime="20181014 23:03:55.407" endtime="20181014 23:03:55.431"></status>
</kw>
<kw name="Close Browser" library="Selenium2Library" type="teardown">
<doc>Closes the current browser.</doc>
<status status="PASS" starttime="20181014 23:03:55.431" endtime="20181014 23:03:55.504"></status>
</kw>
<status status="PASS" starttime="20181014 23:03:51.744" endtime="20181014 23:03:55.504" critical="yes"></status>
</test>
<test id="s1-s1-t4" name="Email Taken">
<kw name="Given email &quot;${REGISTERED EMAIL}&quot; is registered">
<kw name="browser is opened to register page">
<kw name="Open Browser To Register Page" library="Resource">
<kw name="Open Browser" library="Selenium2Library">
<doc>Opens a new browser instance to the given ``url``.</doc>
<arguments>
<arg>${REGISTER URL}</arg>
<arg>browser=${BROWSER}</arg>
</arguments>
<msg timestamp="20181014 23:03:55.508" level="INFO">Opening browser 'chrome' to base url 'http://localhost:4000/sign_up/new'.</msg>
<status status="PASS" starttime="20181014 23:03:55.507" endtime="20181014 23:03:58.223"></status>
</kw>
<kw name="Maximize Browser Window" library="Selenium2Library">
<doc>Maximizes current browser window.</doc>
<status status="PASS" starttime="20181014 23:03:58.224" endtime="20181014 23:03:58.425"></status>
</kw>
<kw name="Set Selenium Speed" library="Selenium2Library">
<doc>Sets the delay that is waited after each Selenium command.</doc>
<arguments>
<arg>${DELAY}</arg>
</arguments>
<status status="PASS" starttime="20181014 23:03:58.425" endtime="20181014 23:03:58.426"></status>
</kw>
<kw name="Register Page Should Be Open" library="Resource">
<kw name="Page Should Contain Element" library="Selenium2Library">
<doc>Verifies that element ``locator`` is found on the current page.</doc>
<arguments>
<arg>${REGISTER BTN}</arg>
</arguments>
<msg timestamp="20181014 23:03:58.435" level="INFO">Current page contains element 'jquery:body &gt; div &gt; main &gt; div &gt; form &gt; div &gt; div &gt; div &gt; div &gt; button:contains("Register")'.</msg>
<status status="PASS" starttime="20181014 23:03:58.426" endtime="20181014 23:03:58.435"></status>
</kw>
<status status="PASS" starttime="20181014 23:03:58.426" endtime="20181014 23:03:58.436"></status>
</kw>
<status status="PASS" starttime="20181014 23:03:55.507" endtime="20181014 23:03:58.436"></status>
</kw>
<status status="PASS" starttime="20181014 23:03:55.506" endtime="20181014 23:03:58.436"></status>
</kw>
<kw name="user enters email &quot;${registered email}&quot; and password &quot;${TEST PW}&quot;">
<kw name="Input Email">
<arguments>
<arg>${email}</arg>
</arguments>
<kw name="Input Text" library="Selenium2Library">
<doc>Types the given ``text`` into text field identified by ``locator``.</doc>
<arguments>
<arg>${EMAIL INPUT}</arg>
<arg>${email}</arg>
</arguments>
<msg timestamp="20181014 23:03:58.437" level="INFO">Typing text 'test@registered.com' into text field 'jquery:#user_email'.</msg>
<status status="PASS" starttime="20181014 23:03:58.437" endtime="20181014 23:03:58.578"></status>
</kw>
<status status="PASS" starttime="20181014 23:03:58.436" endtime="20181014 23:03:58.579"></status>
</kw>
<kw name="Input Password">
<arguments>
<arg>${password}</arg>
</arguments>
<kw name="Input Text" library="Selenium2Library">
<doc>Types the given ``text`` into text field identified by ``locator``.</doc>
<arguments>
<arg>${PW INPUT}</arg>
<arg>${password}</arg>
</arguments>
<msg timestamp="20181014 23:03:58.579" level="INFO">Typing text 'testpassword' into text field 'jquery:#user_password'.</msg>
<status status="PASS" starttime="20181014 23:03:58.579" endtime="20181014 23:03:58.671"></status>
</kw>
<status status="PASS" starttime="20181014 23:03:58.579" endtime="20181014 23:03:58.672"></status>
</kw>
<status status="PASS" starttime="20181014 23:03:58.436" endtime="20181014 23:03:58.672"></status>
</kw>
<kw name="enters name &quot;${TEST NAME}&quot; and bio &quot;${TEST BIO}&quot;">
<kw name="Input Name">
<arguments>
<arg>${name}</arg>
</arguments>
<kw name="Input Text" library="Selenium2Library">
<doc>Types the given ``text`` into text field identified by ``locator``.</doc>
<arguments>
<arg>${NAME INPUT}</arg>
<arg>${name}</arg>
</arguments>
<msg timestamp="20181014 23:03:58.673" level="INFO">Typing text 'Email Taken' into text field 'jquery:#user_name'.</msg>
<status status="PASS" starttime="20181014 23:03:58.673" endtime="20181014 23:03:58.775"></status>
</kw>
<status status="PASS" starttime="20181014 23:03:58.673" endtime="20181014 23:03:58.776"></status>
</kw>
<kw name="Input Bio">
<arguments>
<arg>${bio}</arg>
</arguments>
<kw name="Input Text" library="Selenium2Library">
<doc>Types the given ``text`` into text field identified by ``locator``.</doc>
<arguments>
<arg>${BIO INPUT}</arg>
<arg>${bio}</arg>
</arguments>
<msg timestamp="20181014 23:03:58.777" level="INFO">Typing text 'testuser' into text field 'jquery:#user_bio'.</msg>
<status status="PASS" starttime="20181014 23:03:58.776" endtime="20181014 23:03:58.864"></status>
</kw>
<status status="PASS" starttime="20181014 23:03:58.776" endtime="20181014 23:03:58.864"></status>
</kw>
<status status="PASS" starttime="20181014 23:03:58.672" endtime="20181014 23:03:58.864"></status>
</kw>
<kw name="enters password confirmation &quot;${TEST PW CONFIRM}&quot;">
<kw name="Input Password Confirmation">
<arguments>
<arg>${password_confirmation}</arg>
</arguments>
<kw name="Input Text" library="Selenium2Library">
<doc>Types the given ``text`` into text field identified by ``locator``.</doc>
<arguments>
<arg>${PW CONFIRM INPUT}</arg>
<arg>${password}</arg>
</arguments>
<msg timestamp="20181014 23:03:58.866" level="INFO">Typing text 'testpassword' into text field 'jquery:#user_password_confirmation'.</msg>
<status status="PASS" starttime="20181014 23:03:58.866" endtime="20181014 23:03:58.965"></status>
</kw>
<status status="PASS" starttime="20181014 23:03:58.865" endtime="20181014 23:03:58.965"></status>
</kw>
<status status="PASS" starttime="20181014 23:03:58.865" endtime="20181014 23:03:58.965"></status>
</kw>
<kw name="submit for registeration">
<kw name="Submit Credentials">
<kw name="Click Button" library="Selenium2Library">
<doc>Clicks button identified by ``locator``.</doc>
<arguments>
<arg>${REGISTER BTN}</arg>
</arguments>
<msg timestamp="20181014 23:03:58.966" level="INFO">Clicking button 'jquery:body &gt; div &gt; main &gt; div &gt; form &gt; div &gt; div &gt; div &gt; div &gt; button:contains("Register")'.</msg>
<status status="PASS" starttime="20181014 23:03:58.966" endtime="20181014 23:03:59.530"></status>
</kw>
<status status="PASS" starttime="20181014 23:03:58.966" endtime="20181014 23:03:59.530"></status>
</kw>
<status status="PASS" starttime="20181014 23:03:58.965" endtime="20181014 23:03:59.530"></status>
</kw>
<kw name="Close Browser" library="Selenium2Library">
<doc>Closes the current browser.</doc>
<status status="PASS" starttime="20181014 23:03:59.530" endtime="20181014 23:03:59.600"></status>
</kw>
<status status="PASS" starttime="20181014 23:03:55.506" endtime="20181014 23:03:59.600"></status>
</kw>
<kw name="And browser is opened to register page">
<kw name="Open Browser To Register Page" library="Resource">
<kw name="Open Browser" library="Selenium2Library">
<doc>Opens a new browser instance to the given ``url``.</doc>
<arguments>
<arg>${REGISTER URL}</arg>
<arg>browser=${BROWSER}</arg>
</arguments>
<msg timestamp="20181014 23:03:59.602" level="INFO">Opening browser 'chrome' to base url 'http://localhost:4000/sign_up/new'.</msg>
<status status="PASS" starttime="20181014 23:03:59.602" endtime="20181014 23:04:02.525"></status>
</kw>
<kw name="Maximize Browser Window" library="Selenium2Library">
<doc>Maximizes current browser window.</doc>
<status status="PASS" starttime="20181014 23:04:02.526" endtime="20181014 23:04:02.728"></status>
</kw>
<kw name="Set Selenium Speed" library="Selenium2Library">
<doc>Sets the delay that is waited after each Selenium command.</doc>
<arguments>
<arg>${DELAY}</arg>
</arguments>
<status status="PASS" starttime="20181014 23:04:02.728" endtime="20181014 23:04:02.729"></status>
</kw>
<kw name="Register Page Should Be Open" library="Resource">
<kw name="Page Should Contain Element" library="Selenium2Library">
<doc>Verifies that element ``locator`` is found on the current page.</doc>
<arguments>
<arg>${REGISTER BTN}</arg>
</arguments>
<msg timestamp="20181014 23:04:02.740" level="INFO">Current page contains element 'jquery:body &gt; div &gt; main &gt; div &gt; form &gt; div &gt; div &gt; div &gt; div &gt; button:contains("Register")'.</msg>
<status status="PASS" starttime="20181014 23:04:02.729" endtime="20181014 23:04:02.740"></status>
</kw>
<status status="PASS" starttime="20181014 23:04:02.729" endtime="20181014 23:04:02.740"></status>
</kw>
<status status="PASS" starttime="20181014 23:03:59.602" endtime="20181014 23:04:02.741"></status>
</kw>
<status status="PASS" starttime="20181014 23:03:59.601" endtime="20181014 23:04:02.741"></status>
</kw>
<kw name="When user enters email &quot;${REGISTERED EMAIL}&quot; and password &quot;${TEST PW}&quot;">
<kw name="Input Email">
<arguments>
<arg>${email}</arg>
</arguments>
<kw name="Input Text" library="Selenium2Library">
<doc>Types the given ``text`` into text field identified by ``locator``.</doc>
<arguments>
<arg>${EMAIL INPUT}</arg>
<arg>${email}</arg>
</arguments>
<msg timestamp="20181014 23:04:02.743" level="INFO">Typing text 'test@registered.com' into text field 'jquery:#user_email'.</msg>
<status status="PASS" starttime="20181014 23:04:02.743" endtime="20181014 23:04:02.936"></status>
</kw>
<status status="PASS" starttime="20181014 23:04:02.742" endtime="20181014 23:04:02.936"></status>
</kw>
<kw name="Input Password">
<arguments>
<arg>${password}</arg>
</arguments>
<kw name="Input Text" library="Selenium2Library">
<doc>Types the given ``text`` into text field identified by ``locator``.</doc>
<arguments>
<arg>${PW INPUT}</arg>
<arg>${password}</arg>
</arguments>
<msg timestamp="20181014 23:04:02.937" level="INFO">Typing text 'testpassword' into text field 'jquery:#user_password'.</msg>
<status status="PASS" starttime="20181014 23:04:02.937" endtime="20181014 23:04:03.047"></status>
</kw>
<status status="PASS" starttime="20181014 23:04:02.936" endtime="20181014 23:04:03.047"></status>
</kw>
<status status="PASS" starttime="20181014 23:04:02.741" endtime="20181014 23:04:03.047"></status>
</kw>
<kw name="And enters name &quot;${TEST NAME}&quot; and bio &quot;${TEST BIO}&quot;">
<kw name="Input Name">
<arguments>
<arg>${name}</arg>
</arguments>
<kw name="Input Text" library="Selenium2Library">
<doc>Types the given ``text`` into text field identified by ``locator``.</doc>
<arguments>
<arg>${NAME INPUT}</arg>
<arg>${name}</arg>
</arguments>
<msg timestamp="20181014 23:04:03.048" level="INFO">Typing text 'Email Taken' into text field 'jquery:#user_name'.</msg>
<status status="PASS" starttime="20181014 23:04:03.048" endtime="20181014 23:04:03.135"></status>
</kw>
<status status="PASS" starttime="20181014 23:04:03.048" endtime="20181014 23:04:03.135"></status>
</kw>
<kw name="Input Bio">
<arguments>
<arg>${bio}</arg>
</arguments>
<kw name="Input Text" library="Selenium2Library">
<doc>Types the given ``text`` into text field identified by ``locator``.</doc>
<arguments>
<arg>${BIO INPUT}</arg>
<arg>${bio}</arg>
</arguments>
<msg timestamp="20181014 23:04:03.136" level="INFO">Typing text 'testuser' into text field 'jquery:#user_bio'.</msg>
<status status="PASS" starttime="20181014 23:04:03.136" endtime="20181014 23:04:03.218"></status>
</kw>
<status status="PASS" starttime="20181014 23:04:03.135" endtime="20181014 23:04:03.218"></status>
</kw>
<status status="PASS" starttime="20181014 23:04:03.047" endtime="20181014 23:04:03.218"></status>
</kw>
<kw name="And enters password confirmation &quot;${TEST PW CONFIRM}&quot;">
<kw name="Input Password Confirmation">
<arguments>
<arg>${password_confirmation}</arg>
</arguments>
<kw name="Input Text" library="Selenium2Library">
<doc>Types the given ``text`` into text field identified by ``locator``.</doc>
<arguments>
<arg>${PW CONFIRM INPUT}</arg>
<arg>${password}</arg>
</arguments>
<msg timestamp="20181014 23:04:03.221" level="INFO">Typing text 'testpassword' into text field 'jquery:#user_password_confirmation'.</msg>
<status status="PASS" starttime="20181014 23:04:03.220" endtime="20181014 23:04:03.312"></status>
</kw>
<status status="PASS" starttime="20181014 23:04:03.220" endtime="20181014 23:04:03.312"></status>
</kw>
<status status="PASS" starttime="20181014 23:04:03.219" endtime="20181014 23:04:03.313"></status>
</kw>
<kw name="And submit for registeration">
<kw name="Submit Credentials">
<kw name="Click Button" library="Selenium2Library">
<doc>Clicks button identified by ``locator``.</doc>
<arguments>
<arg>${REGISTER BTN}</arg>
</arguments>
<msg timestamp="20181014 23:04:03.314" level="INFO">Clicking button 'jquery:body &gt; div &gt; main &gt; div &gt; form &gt; div &gt; div &gt; div &gt; div &gt; button:contains("Register")'.</msg>
<status status="PASS" starttime="20181014 23:04:03.313" endtime="20181014 23:04:03.800"></status>
</kw>
<status status="PASS" starttime="20181014 23:04:03.313" endtime="20181014 23:04:03.800"></status>
</kw>
<status status="PASS" starttime="20181014 23:04:03.313" endtime="20181014 23:04:03.800"></status>
</kw>
<kw name="Then email taken message should be shown">
<kw name="Page Should Contain Element" library="Selenium2Library">
<doc>Verifies that element ``locator`` is found on the current page.</doc>
<arguments>
<arg>${INVALID ELEMENT}</arg>
</arguments>
<msg timestamp="20181014 23:04:03.813" level="INFO">Current page contains element 'jquery:body &gt; div &gt; main &gt; div &gt; form &gt; div.alert.alert-danger &gt; p:contains("Oops, something went wrong! Please check the errors below.")'.</msg>
<status status="PASS" starttime="20181014 23:04:03.801" endtime="20181014 23:04:03.813"></status>
</kw>
<kw name="Page Should Contain Element" library="Selenium2Library">
<doc>Verifies that element ``locator`` is found on the current page.</doc>
<arguments>
<arg>${EMAIL TAKEN ELEMENT}</arg>
</arguments>
<msg timestamp="20181014 23:04:03.818" level="INFO">Current page contains element 'jquery:body &gt; div &gt; main &gt; div &gt; form &gt; div.container-fluid &gt; div &gt; div:nth-child(1) &gt; span:contains("has already been taken")'.</msg>
<status status="PASS" starttime="20181014 23:04:03.813" endtime="20181014 23:04:03.819"></status>
</kw>
<status status="PASS" starttime="20181014 23:04:03.801" endtime="20181014 23:04:03.819"></status>
</kw>
<kw name="Close Browser" library="Selenium2Library" type="teardown">
<doc>Closes the current browser.</doc>
<status status="PASS" starttime="20181014 23:04:03.819" endtime="20181014 23:04:03.884"></status>
</kw>
<status status="PASS" starttime="20181014 23:03:55.505" endtime="20181014 23:04:03.884" critical="yes"></status>
</test>
<status status="PASS" starttime="20181014 23:03:43.306" endtime="20181014 23:04:03.886"></status>
</suite>
<suite id="s1-s2" name="2 Login Tests" source="/Users/AngTengHuat/Desktop/VJ_SS/Robotframework/2_Login_Tests.robot">
<test id="s1-s2-t1" name="Valid Login">
<kw name="Given browser is opened to login page">
<kw name="Open Browser To Login Page" library="Resource">
<kw name="Open Browser" library="Selenium2Library">
<doc>Opens a new browser instance to the given ``url``.</doc>
<arguments>
<arg>${LOGIN URL}</arg>
<arg>browser=${BROWSER}</arg>
</arguments>
<msg timestamp="20181014 23:04:03.897" level="INFO">Opening browser 'chrome' to base url 'http://localhost:4000/sign_in/new'.</msg>
<status status="PASS" starttime="20181014 23:04:03.897" endtime="20181014 23:04:06.593"></status>
</kw>
<kw name="Maximize Browser Window" library="Selenium2Library">
<doc>Maximizes current browser window.</doc>
<status status="PASS" starttime="20181014 23:04:06.594" endtime="20181014 23:04:06.793"></status>
</kw>
<kw name="Set Selenium Speed" library="Selenium2Library">
<doc>Sets the delay that is waited after each Selenium command.</doc>
<arguments>
<arg>${DELAY}</arg>
</arguments>
<status status="PASS" starttime="20181014 23:04:06.793" endtime="20181014 23:04:06.793"></status>
</kw>
<kw name="Login Page Should Be Open" library="Resource">
<kw name="Page Should Contain Element" library="Selenium2Library">
<doc>Verifies that element ``locator`` is found on the current page.</doc>
<arguments>
<arg>${LOGIN BTN}</arg>
</arguments>
<msg timestamp="20181014 23:04:06.805" level="INFO">Current page contains element 'jquery:body &gt; div &gt; main &gt; div &gt; form &gt; div &gt; div &gt; div &gt; div &gt; button:contains("Log in")'.</msg>
<status status="PASS" starttime="20181014 23:04:06.794" endtime="20181014 23:04:06.805"></status>
</kw>
<status status="PASS" starttime="20181014 23:04:06.794" endtime="20181014 23:04:06.805"></status>
</kw>
<status status="PASS" starttime="20181014 23:04:03.897" endtime="20181014 23:04:06.806"></status>
</kw>
<status status="PASS" starttime="20181014 23:04:03.896" endtime="20181014 23:04:06.806"></status>
</kw>
<kw name="When user logs in with &quot;${VALID EMAIL}&quot; and password &quot;${VALID PW}&quot;">
<kw name="Input Email">
<arguments>
<arg>${email}</arg>
</arguments>
<kw name="Input Text" library="Selenium2Library">
<doc>Types the given ``text`` into text field identified by ``locator``.</doc>
<arguments>
<arg>${EMAIL INPUT}</arg>
<arg>${email}</arg>
</arguments>
<msg timestamp="20181014 23:04:06.807" level="INFO">Typing text 'test@test.com' into text field 'jquery:#session_email'.</msg>
<status status="PASS" starttime="20181014 23:04:06.807" endtime="20181014 23:04:06.952"></status>
</kw>
<status status="PASS" starttime="20181014 23:04:06.807" endtime="20181014 23:04:06.952"></status>
</kw>
<kw name="Input Password">
<arguments>
<arg>${password}</arg>
</arguments>
<kw name="Input Text" library="Selenium2Library">
<doc>Types the given ``text`` into text field identified by ``locator``.</doc>
<arguments>
<arg>${PW INPUT}</arg>
<arg>${password}</arg>
</arguments>
<msg timestamp="20181014 23:04:06.955" level="INFO">Typing text 'testpassword' into text field 'jquery:#session_password'.</msg>
<status status="PASS" starttime="20181014 23:04:06.953" endtime="20181014 23:04:07.062"></status>
</kw>
<status status="PASS" starttime="20181014 23:04:06.952" endtime="20181014 23:04:07.062"></status>
</kw>
<kw name="Submit Credentials">
<kw name="Click Button" library="Selenium2Library">
<doc>Clicks button identified by ``locator``.</doc>
<arguments>
<arg>${LOGIN BTN}</arg>
</arguments>
<msg timestamp="20181014 23:04:07.063" level="INFO">Clicking button 'jquery:body &gt; div &gt; main &gt; div &gt; form &gt; div &gt; div &gt; div &gt; div &gt; button:contains("Log in")'.</msg>
<status status="PASS" starttime="20181014 23:04:07.063" endtime="20181014 23:04:07.665"></status>
</kw>
<status status="PASS" starttime="20181014 23:04:07.062" endtime="20181014 23:04:07.665"></status>
</kw>
<status status="PASS" starttime="20181014 23:04:06.806" endtime="20181014 23:04:07.666"></status>
</kw>
<kw name="Then logged in page should be open" library="Resource">
<kw name="Location Should Be" library="Selenium2Library">
<doc>Verifies that current URL is exactly ``url`.</doc>
<arguments>
<arg>${HOST URL}</arg>
</arguments>
<msg timestamp="20181014 23:04:07.675" level="INFO">Current location is 'http://localhost:4000/'.</msg>
<status status="PASS" starttime="20181014 23:04:07.667" endtime="20181014 23:04:07.675"></status>
</kw>
<status status="PASS" starttime="20181014 23:04:07.666" endtime="20181014 23:04:07.676"></status>
</kw>
<kw name="Close Browser" library="Selenium2Library" type="teardown">
<doc>Closes the current browser.</doc>
<status status="PASS" starttime="20181014 23:04:07.676" endtime="20181014 23:04:07.751"></status>
</kw>
<status status="PASS" starttime="20181014 23:04:03.896" endtime="20181014 23:04:07.751" critical="yes"></status>
</test>
<test id="s1-s2-t2" name="Empty Password">
<kw name="Given browser is opened to login page">
<kw name="Open Browser To Login Page" library="Resource">
<kw name="Open Browser" library="Selenium2Library">
<doc>Opens a new browser instance to the given ``url``.</doc>
<arguments>
<arg>${LOGIN URL}</arg>
<arg>browser=${BROWSER}</arg>
</arguments>
<msg timestamp="20181014 23:04:07.755" level="INFO">Opening browser 'chrome' to base url 'http://localhost:4000/sign_in/new'.</msg>
<status status="PASS" starttime="20181014 23:04:07.754" endtime="20181014 23:04:10.815"></status>
</kw>
<kw name="Maximize Browser Window" library="Selenium2Library">
<doc>Maximizes current browser window.</doc>
<status status="PASS" starttime="20181014 23:04:10.816" endtime="20181014 23:04:11.019"></status>
</kw>
<kw name="Set Selenium Speed" library="Selenium2Library">
<doc>Sets the delay that is waited after each Selenium command.</doc>
<arguments>
<arg>${DELAY}</arg>
</arguments>
<status status="PASS" starttime="20181014 23:04:11.019" endtime="20181014 23:04:11.020"></status>
</kw>
<kw name="Login Page Should Be Open" library="Resource">
<kw name="Page Should Contain Element" library="Selenium2Library">
<doc>Verifies that element ``locator`` is found on the current page.</doc>
<arguments>
<arg>${LOGIN BTN}</arg>
</arguments>
<msg timestamp="20181014 23:04:11.029" level="INFO">Current page contains element 'jquery:body &gt; div &gt; main &gt; div &gt; form &gt; div &gt; div &gt; div &gt; div &gt; button:contains("Log in")'.</msg>
<status status="PASS" starttime="20181014 23:04:11.020" endtime="20181014 23:04:11.029"></status>
</kw>
<status status="PASS" starttime="20181014 23:04:11.020" endtime="20181014 23:04:11.029"></status>
</kw>
<status status="PASS" starttime="20181014 23:04:07.754" endtime="20181014 23:04:11.029"></status>
</kw>
<status status="PASS" starttime="20181014 23:04:07.754" endtime="20181014 23:04:11.029"></status>
</kw>
<kw name="When user logs in with &quot;${INVALID EMAIL}&quot; and password &quot;${EMPTY}&quot;">
<kw name="Input Email">
<arguments>
<arg>${email}</arg>
</arguments>
<kw name="Input Text" library="Selenium2Library">
<doc>Types the given ``text`` into text field identified by ``locator``.</doc>
<arguments>
<arg>${EMAIL INPUT}</arg>
<arg>${email}</arg>
</arguments>
<msg timestamp="20181014 23:04:11.031" level="INFO">Typing text 'asd@asd.com' into text field 'jquery:#session_email'.</msg>
<status status="PASS" starttime="20181014 23:04:11.030" endtime="20181014 23:04:11.135"></status>
</kw>
<status status="PASS" starttime="20181014 23:04:11.030" endtime="20181014 23:04:11.135"></status>
</kw>
<kw name="Input Password">
<arguments>
<arg>${password}</arg>
</arguments>
<kw name="Input Text" library="Selenium2Library">
<doc>Types the given ``text`` into text field identified by ``locator``.</doc>
<arguments>
<arg>${PW INPUT}</arg>
<arg>${password}</arg>
</arguments>
<msg timestamp="20181014 23:04:11.136" level="INFO">Typing text '' into text field 'jquery:#session_password'.</msg>
<status status="PASS" starttime="20181014 23:04:11.136" endtime="20181014 23:04:11.189"></status>
</kw>
<status status="PASS" starttime="20181014 23:04:11.135" endtime="20181014 23:04:11.190"></status>
</kw>
<kw name="Submit Credentials">
<kw name="Click Button" library="Selenium2Library">
<doc>Clicks button identified by ``locator``.</doc>
<arguments>
<arg>${LOGIN BTN}</arg>
</arguments>
<msg timestamp="20181014 23:04:11.190" level="INFO">Clicking button 'jquery:body &gt; div &gt; main &gt; div &gt; form &gt; div &gt; div &gt; div &gt; div &gt; button:contains("Log in")'.</msg>
<status status="PASS" starttime="20181014 23:04:11.190" endtime="20181014 23:04:11.673"></status>
</kw>
<status status="PASS" starttime="20181014 23:04:11.190" endtime="20181014 23:04:11.673"></status>
</kw>
<status status="PASS" starttime="20181014 23:04:11.030" endtime="20181014 23:04:11.673"></status>
</kw>
<kw name="Then invalid email/password message should be shown" library="Resource">
<kw name="Page Should Contain Element" library="Selenium2Library">
<doc>Verifies that element ``locator`` is found on the current page.</doc>
<arguments>
<arg>${INVALID ELEMENT}</arg>
</arguments>
<msg timestamp="20181014 23:04:11.682" level="INFO">Current page contains element 'jquery:body &gt; div &gt; p.alert.alert-danger:contains("Invalid email/password combination")'.</msg>
<status status="PASS" starttime="20181014 23:04:11.674" endtime="20181014 23:04:11.682"></status>
</kw>
<status status="PASS" starttime="20181014 23:04:11.673" endtime="20181014 23:04:11.682"></status>
</kw>
<kw name="Close Browser" library="Selenium2Library" type="teardown">
<doc>Closes the current browser.</doc>
<status status="PASS" starttime="20181014 23:04:11.682" endtime="20181014 23:04:11.752"></status>
</kw>
<status status="PASS" starttime="20181014 23:04:07.752" endtime="20181014 23:04:11.752" critical="yes"></status>
</test>
<test id="s1-s2-t3" name="Empty Email">
<kw name="Given browser is opened to login page">
<kw name="Open Browser To Login Page" library="Resource">
<kw name="Open Browser" library="Selenium2Library">
<doc>Opens a new browser instance to the given ``url``.</doc>
<arguments>
<arg>${LOGIN URL}</arg>
<arg>browser=${BROWSER}</arg>
</arguments>
<msg timestamp="20181014 23:04:11.756" level="INFO">Opening browser 'chrome' to base url 'http://localhost:4000/sign_in/new'.</msg>
<status status="PASS" starttime="20181014 23:04:11.755" endtime="20181014 23:04:14.449"></status>
</kw>
<kw name="Maximize Browser Window" library="Selenium2Library">
<doc>Maximizes current browser window.</doc>
<status status="PASS" starttime="20181014 23:04:14.449" endtime="20181014 23:04:14.650"></status>
</kw>
<kw name="Set Selenium Speed" library="Selenium2Library">
<doc>Sets the delay that is waited after each Selenium command.</doc>
<arguments>
<arg>${DELAY}</arg>
</arguments>
<status status="PASS" starttime="20181014 23:04:14.650" endtime="20181014 23:04:14.651"></status>
</kw>
<kw name="Login Page Should Be Open" library="Resource">
<kw name="Page Should Contain Element" library="Selenium2Library">
<doc>Verifies that element ``locator`` is found on the current page.</doc>
<arguments>
<arg>${LOGIN BTN}</arg>
</arguments>
<msg timestamp="20181014 23:04:14.660" level="INFO">Current page contains element 'jquery:body &gt; div &gt; main &gt; div &gt; form &gt; div &gt; div &gt; div &gt; div &gt; button:contains("Log in")'.</msg>
<status status="PASS" starttime="20181014 23:04:14.652" endtime="20181014 23:04:14.660"></status>
</kw>
<status status="PASS" starttime="20181014 23:04:14.651" endtime="20181014 23:04:14.661"></status>
</kw>
<status status="PASS" starttime="20181014 23:04:11.755" endtime="20181014 23:04:14.661"></status>
</kw>
<status status="PASS" starttime="20181014 23:04:11.754" endtime="20181014 23:04:14.661"></status>
</kw>
<kw name="When user logs in with &quot;${EMPTY}&quot; and password &quot;${VALID PW}&quot;">
<kw name="Input Email">
<arguments>
<arg>${email}</arg>
</arguments>
<kw name="Input Text" library="Selenium2Library">
<doc>Types the given ``text`` into text field identified by ``locator``.</doc>
<arguments>
<arg>${EMAIL INPUT}</arg>
<arg>${email}</arg>
</arguments>
<msg timestamp="20181014 23:04:14.662" level="INFO">Typing text '' into text field 'jquery:#session_email'.</msg>
<status status="PASS" starttime="20181014 23:04:14.662" endtime="20181014 23:04:14.715"></status>
</kw>
<status status="PASS" starttime="20181014 23:04:14.662" endtime="20181014 23:04:14.716"></status>
</kw>
<kw name="Input Password">
<arguments>
<arg>${password}</arg>
</arguments>
<kw name="Input Text" library="Selenium2Library">
<doc>Types the given ``text`` into text field identified by ``locator``.</doc>
<arguments>
<arg>${PW INPUT}</arg>
<arg>${password}</arg>
</arguments>
<msg timestamp="20181014 23:04:14.716" level="INFO">Typing text 'testpassword' into text field 'jquery:#session_password'.</msg>
<status status="PASS" starttime="20181014 23:04:14.716" endtime="20181014 23:04:14.821"></status>
</kw>
<status status="PASS" starttime="20181014 23:04:14.716" endtime="20181014 23:04:14.821"></status>
</kw>
<kw name="Submit Credentials">
<kw name="Click Button" library="Selenium2Library">
<doc>Clicks button identified by ``locator``.</doc>
<arguments>
<arg>${LOGIN BTN}</arg>
</arguments>
<msg timestamp="20181014 23:04:14.823" level="INFO">Clicking button 'jquery:body &gt; div &gt; main &gt; div &gt; form &gt; div &gt; div &gt; div &gt; div &gt; button:contains("Log in")'.</msg>
<status status="PASS" starttime="20181014 23:04:14.822" endtime="20181014 23:04:15.312"></status>
</kw>
<status status="PASS" starttime="20181014 23:04:14.822" endtime="20181014 23:04:15.313"></status>
</kw>
<status status="PASS" starttime="20181014 23:04:14.661" endtime="20181014 23:04:15.313"></status>
</kw>
<kw name="Then invalid email/password message should be shown" library="Resource">
<kw name="Page Should Contain Element" library="Selenium2Library">
<doc>Verifies that element ``locator`` is found on the current page.</doc>
<arguments>
<arg>${INVALID ELEMENT}</arg>
</arguments>
<msg timestamp="20181014 23:04:15.324" level="INFO">Current page contains element 'jquery:body &gt; div &gt; p.alert.alert-danger:contains("Invalid email/password combination")'.</msg>
<status status="PASS" starttime="20181014 23:04:15.313" endtime="20181014 23:04:15.324"></status>
</kw>
<status status="PASS" starttime="20181014 23:04:15.313" endtime="20181014 23:04:15.325"></status>
</kw>
<kw name="Close Browser" library="Selenium2Library" type="teardown">
<doc>Closes the current browser.</doc>
<status status="PASS" starttime="20181014 23:04:15.325" endtime="20181014 23:04:15.391"></status>
</kw>
<status status="PASS" starttime="20181014 23:04:11.754" endtime="20181014 23:04:15.391" critical="yes"></status>
</test>
<test id="s1-s2-t4" name="Empty Email And Password">
<kw name="Given browser is opened to login page">
<kw name="Open Browser To Login Page" library="Resource">
<kw name="Open Browser" library="Selenium2Library">
<doc>Opens a new browser instance to the given ``url``.</doc>
<arguments>
<arg>${LOGIN URL}</arg>
<arg>browser=${BROWSER}</arg>
</arguments>
<msg timestamp="20181014 23:04:15.394" level="INFO">Opening browser 'chrome' to base url 'http://localhost:4000/sign_in/new'.</msg>
<status status="PASS" starttime="20181014 23:04:15.393" endtime="20181014 23:04:18.131"></status>
</kw>
<kw name="Maximize Browser Window" library="Selenium2Library">
<doc>Maximizes current browser window.</doc>
<status status="PASS" starttime="20181014 23:04:18.132" endtime="20181014 23:04:18.336"></status>
</kw>
<kw name="Set Selenium Speed" library="Selenium2Library">
<doc>Sets the delay that is waited after each Selenium command.</doc>
<arguments>
<arg>${DELAY}</arg>
</arguments>
<status status="PASS" starttime="20181014 23:04:18.337" endtime="20181014 23:04:18.337"></status>
</kw>
<kw name="Login Page Should Be Open" library="Resource">
<kw name="Page Should Contain Element" library="Selenium2Library">
<doc>Verifies that element ``locator`` is found on the current page.</doc>
<arguments>
<arg>${LOGIN BTN}</arg>
</arguments>
<msg timestamp="20181014 23:04:18.348" level="INFO">Current page contains element 'jquery:body &gt; div &gt; main &gt; div &gt; form &gt; div &gt; div &gt; div &gt; div &gt; button:contains("Log in")'.</msg>
<status status="PASS" starttime="20181014 23:04:18.338" endtime="20181014 23:04:18.348"></status>
</kw>
<status status="PASS" starttime="20181014 23:04:18.338" endtime="20181014 23:04:18.348"></status>
</kw>
<status status="PASS" starttime="20181014 23:04:15.393" endtime="20181014 23:04:18.348"></status>
</kw>
<status status="PASS" starttime="20181014 23:04:15.393" endtime="20181014 23:04:18.349"></status>
</kw>
<kw name="When user logs in with &quot;${EMPTY}&quot; and password &quot;${EMPTY}&quot;">
<kw name="Input Email">
<arguments>
<arg>${email}</arg>
</arguments>
<kw name="Input Text" library="Selenium2Library">
<doc>Types the given ``text`` into text field identified by ``locator``.</doc>
<arguments>
<arg>${EMAIL INPUT}</arg>
<arg>${email}</arg>
</arguments>
<msg timestamp="20181014 23:04:18.350" level="INFO">Typing text '' into text field 'jquery:#session_email'.</msg>
<status status="PASS" starttime="20181014 23:04:18.350" endtime="20181014 23:04:18.409"></status>
</kw>
<status status="PASS" starttime="20181014 23:04:18.349" endtime="20181014 23:04:18.409"></status>
</kw>
<kw name="Input Password">
<arguments>
<arg>${password}</arg>
</arguments>
<kw name="Input Text" library="Selenium2Library">
<doc>Types the given ``text`` into text field identified by ``locator``.</doc>
<arguments>
<arg>${PW INPUT}</arg>
<arg>${password}</arg>
</arguments>
<msg timestamp="20181014 23:04:18.410" level="INFO">Typing text '' into text field 'jquery:#session_password'.</msg>
<status status="PASS" starttime="20181014 23:04:18.410" endtime="20181014 23:04:18.462"></status>
</kw>
<status status="PASS" starttime="20181014 23:04:18.409" endtime="20181014 23:04:18.462"></status>
</kw>
<kw name="Submit Credentials">
<kw name="Click Button" library="Selenium2Library">
<doc>Clicks button identified by ``locator``.</doc>
<arguments>
<arg>${LOGIN BTN}</arg>
</arguments>
<msg timestamp="20181014 23:04:18.463" level="INFO">Clicking button 'jquery:body &gt; div &gt; main &gt; div &gt; form &gt; div &gt; div &gt; div &gt; div &gt; button:contains("Log in")'.</msg>
<status status="PASS" starttime="20181014 23:04:18.463" endtime="20181014 23:04:18.995"></status>
</kw>
<status status="PASS" starttime="20181014 23:04:18.462" endtime="20181014 23:04:18.996"></status>
</kw>
<status status="PASS" starttime="20181014 23:04:18.349" endtime="20181014 23:04:18.996"></status>
</kw>
<kw name="Then invalid email/password message should be shown" library="Resource">
<kw name="Page Should Contain Element" library="Selenium2Library">
<doc>Verifies that element ``locator`` is found on the current page.</doc>
<arguments>
<arg>${INVALID ELEMENT}</arg>
</arguments>
<msg timestamp="20181014 23:04:19.009" level="INFO">Current page contains element 'jquery:body &gt; div &gt; p.alert.alert-danger:contains("Invalid email/password combination")'.</msg>
<status status="PASS" starttime="20181014 23:04:18.997" endtime="20181014 23:04:19.009"></status>
</kw>
<status status="PASS" starttime="20181014 23:04:18.997" endtime="20181014 23:04:19.009"></status>
</kw>
<kw name="Close Browser" library="Selenium2Library" type="teardown">
<doc>Closes the current browser.</doc>
<status status="PASS" starttime="20181014 23:04:19.010" endtime="20181014 23:04:19.077"></status>
</kw>
<status status="PASS" starttime="20181014 23:04:15.392" endtime="20181014 23:04:19.077" critical="yes"></status>
</test>
<test id="s1-s2-t5" name="Invalid Password">
<kw name="Given browser is opened to login page">
<kw name="Open Browser To Login Page" library="Resource">
<kw name="Open Browser" library="Selenium2Library">
<doc>Opens a new browser instance to the given ``url``.</doc>
<arguments>
<arg>${LOGIN URL}</arg>
<arg>browser=${BROWSER}</arg>
</arguments>
<msg timestamp="20181014 23:04:19.080" level="INFO">Opening browser 'chrome' to base url 'http://localhost:4000/sign_in/new'.</msg>
<status status="PASS" starttime="20181014 23:04:19.080" endtime="20181014 23:04:21.695"></status>
</kw>
<kw name="Maximize Browser Window" library="Selenium2Library">
<doc>Maximizes current browser window.</doc>
<status status="PASS" starttime="20181014 23:04:21.695" endtime="20181014 23:04:21.895"></status>
</kw>
<kw name="Set Selenium Speed" library="Selenium2Library">
<doc>Sets the delay that is waited after each Selenium command.</doc>
<arguments>
<arg>${DELAY}</arg>
</arguments>
<status status="PASS" starttime="20181014 23:04:21.895" endtime="20181014 23:04:21.896"></status>
</kw>
<kw name="Login Page Should Be Open" library="Resource">
<kw name="Page Should Contain Element" library="Selenium2Library">
<doc>Verifies that element ``locator`` is found on the current page.</doc>
<arguments>
<arg>${LOGIN BTN}</arg>
</arguments>
<msg timestamp="20181014 23:04:21.905" level="INFO">Current page contains element 'jquery:body &gt; div &gt; main &gt; div &gt; form &gt; div &gt; div &gt; div &gt; div &gt; button:contains("Log in")'.</msg>
<status status="PASS" starttime="20181014 23:04:21.896" endtime="20181014 23:04:21.905"></status>
</kw>
<status status="PASS" starttime="20181014 23:04:21.896" endtime="20181014 23:04:21.905"></status>
</kw>
<status status="PASS" starttime="20181014 23:04:19.079" endtime="20181014 23:04:21.905"></status>
</kw>
<status status="PASS" starttime="20181014 23:04:19.079" endtime="20181014 23:04:21.905"></status>
</kw>
<kw name="When user logs in with &quot;${VALID EMAIL}&quot; and password &quot;${INVALID PW}&quot;">
<kw name="Input Email">
<arguments>
<arg>${email}</arg>
</arguments>
<kw name="Input Text" library="Selenium2Library">
<doc>Types the given ``text`` into text field identified by ``locator``.</doc>
<arguments>
<arg>${EMAIL INPUT}</arg>
<arg>${email}</arg>
</arguments>
<msg timestamp="20181014 23:04:21.907" level="INFO">Typing text 'test@test.com' into text field 'jquery:#session_email'.</msg>
<status status="PASS" starttime="20181014 23:04:21.907" endtime="20181014 23:04:22.030"></status>
</kw>
<status status="PASS" starttime="20181014 23:04:21.906" endtime="20181014 23:04:22.030"></status>
</kw>
<kw name="Input Password">
<arguments>
<arg>${password}</arg>
</arguments>
<kw name="Input Text" library="Selenium2Library">
<doc>Types the given ``text`` into text field identified by ``locator``.</doc>
<arguments>
<arg>${PW INPUT}</arg>
<arg>${password}</arg>
</arguments>
<msg timestamp="20181014 23:04:22.031" level="INFO">Typing text 'asdasdasd' into text field 'jquery:#session_password'.</msg>
<status status="PASS" starttime="20181014 23:04:22.031" endtime="20181014 23:04:22.121"></status>
</kw>
<status status="PASS" starttime="20181014 23:04:22.030" endtime="20181014 23:04:22.122"></status>
</kw>
<kw name="Submit Credentials">
<kw name="Click Button" library="Selenium2Library">
<doc>Clicks button identified by ``locator``.</doc>
<arguments>
<arg>${LOGIN BTN}</arg>
</arguments>
<msg timestamp="20181014 23:04:22.124" level="INFO">Clicking button 'jquery:body &gt; div &gt; main &gt; div &gt; form &gt; div &gt; div &gt; div &gt; div &gt; button:contains("Log in")'.</msg>
<status status="PASS" starttime="20181014 23:04:22.123" endtime="20181014 23:04:22.702"></status>
</kw>
<status status="PASS" starttime="20181014 23:04:22.122" endtime="20181014 23:04:22.702"></status>
</kw>
<status status="PASS" starttime="20181014 23:04:21.906" endtime="20181014 23:04:22.702"></status>
</kw>
<kw name="Then invalid email/password message should be shown" library="Resource">
<kw name="Page Should Contain Element" library="Selenium2Library">
<doc>Verifies that element ``locator`` is found on the current page.</doc>
<arguments>
<arg>${INVALID ELEMENT}</arg>
</arguments>
<msg timestamp="20181014 23:04:22.711" level="INFO">Current page contains element 'jquery:body &gt; div &gt; p.alert.alert-danger:contains("Invalid email/password combination")'.</msg>
<status status="PASS" starttime="20181014 23:04:22.703" endtime="20181014 23:04:22.711"></status>
</kw>
<status status="PASS" starttime="20181014 23:04:22.703" endtime="20181014 23:04:22.712"></status>
</kw>
<kw name="Close Browser" library="Selenium2Library" type="teardown">
<doc>Closes the current browser.</doc>
<status status="PASS" starttime="20181014 23:04:22.712" endtime="20181014 23:04:22.778"></status>
</kw>
<status status="PASS" starttime="20181014 23:04:19.078" endtime="20181014 23:04:22.778" critical="yes"></status>
</test>
<test id="s1-s2-t6" name="Invalid Email">
<kw name="Given browser is opened to login page">
<kw name="Open Browser To Login Page" library="Resource">
<kw name="Open Browser" library="Selenium2Library">
<doc>Opens a new browser instance to the given ``url``.</doc>
<arguments>
<arg>${LOGIN URL}</arg>
<arg>browser=${BROWSER}</arg>
</arguments>
<msg timestamp="20181014 23:04:22.781" level="INFO">Opening browser 'chrome' to base url 'http://localhost:4000/sign_in/new'.</msg>
<status status="PASS" starttime="20181014 23:04:22.780" endtime="20181014 23:04:25.497"></status>
</kw>
<kw name="Maximize Browser Window" library="Selenium2Library">
<doc>Maximizes current browser window.</doc>
<status status="PASS" starttime="20181014 23:04:25.498" endtime="20181014 23:04:25.701"></status>
</kw>
<kw name="Set Selenium Speed" library="Selenium2Library">
<doc>Sets the delay that is waited after each Selenium command.</doc>
<arguments>
<arg>${DELAY}</arg>
</arguments>
<status status="PASS" starttime="20181014 23:04:25.701" endtime="20181014 23:04:25.702"></status>
</kw>
<kw name="Login Page Should Be Open" library="Resource">
<kw name="Page Should Contain Element" library="Selenium2Library">
<doc>Verifies that element ``locator`` is found on the current page.</doc>
<arguments>
<arg>${LOGIN BTN}</arg>
</arguments>
<msg timestamp="20181014 23:04:25.711" level="INFO">Current page contains element 'jquery:body &gt; div &gt; main &gt; div &gt; form &gt; div &gt; div &gt; div &gt; div &gt; button:contains("Log in")'.</msg>
<status status="PASS" starttime="20181014 23:04:25.702" endtime="20181014 23:04:25.711"></status>
</kw>
<status status="PASS" starttime="20181014 23:04:25.702" endtime="20181014 23:04:25.711"></status>
</kw>
<status status="PASS" starttime="20181014 23:04:22.780" endtime="20181014 23:04:25.711"></status>
</kw>
<status status="PASS" starttime="20181014 23:04:22.780" endtime="20181014 23:04:25.711"></status>
</kw>
<kw name="When user logs in with &quot;${INVALID EMAIL}&quot; and password &quot;${VALID PW}&quot;">
<kw name="Input Email">
<arguments>
<arg>${email}</arg>
</arguments>
<kw name="Input Text" library="Selenium2Library">
<doc>Types the given ``text`` into text field identified by ``locator``.</doc>
<arguments>
<arg>${EMAIL INPUT}</arg>
<arg>${email}</arg>
</arguments>
<msg timestamp="20181014 23:04:25.712" level="INFO">Typing text 'asd@asd.com' into text field 'jquery:#session_email'.</msg>
<status status="PASS" starttime="20181014 23:04:25.712" endtime="20181014 23:04:25.814"></status>
</kw>
<status status="PASS" starttime="20181014 23:04:25.712" endtime="20181014 23:04:25.814"></status>
</kw>
<kw name="Input Password">
<arguments>
<arg>${password}</arg>
</arguments>
<kw name="Input Text" library="Selenium2Library">
<doc>Types the given ``text`` into text field identified by ``locator``.</doc>
<arguments>
<arg>${PW INPUT}</arg>
<arg>${password}</arg>
</arguments>
<msg timestamp="20181014 23:04:25.815" level="INFO">Typing text 'testpassword' into text field 'jquery:#session_password'.</msg>
<status status="PASS" starttime="20181014 23:04:25.815" endtime="20181014 23:04:25.894"></status>
</kw>
<status status="PASS" starttime="20181014 23:04:25.814" endtime="20181014 23:04:25.894"></status>
</kw>
<kw name="Submit Credentials">
<kw name="Click Button" library="Selenium2Library">
<doc>Clicks button identified by ``locator``.</doc>
<arguments>
<arg>${LOGIN BTN}</arg>
</arguments>
<msg timestamp="20181014 23:04:25.895" level="INFO">Clicking button 'jquery:body &gt; div &gt; main &gt; div &gt; form &gt; div &gt; div &gt; div &gt; div &gt; button:contains("Log in")'.</msg>
<status status="PASS" starttime="20181014 23:04:25.894" endtime="20181014 23:04:26.380"></status>
</kw>
<status status="PASS" starttime="20181014 23:04:25.894" endtime="20181014 23:04:26.380"></status>
</kw>
<status status="PASS" starttime="20181014 23:04:25.711" endtime="20181014 23:04:26.380"></status>
</kw>
<kw name="Then invalid email/password message should be shown" library="Resource">
<kw name="Page Should Contain Element" library="Selenium2Library">
<doc>Verifies that element ``locator`` is found on the current page.</doc>
<arguments>
<arg>${INVALID ELEMENT}</arg>
</arguments>
<msg timestamp="20181014 23:04:26.392" level="INFO">Current page contains element 'jquery:body &gt; div &gt; p.alert.alert-danger:contains("Invalid email/password combination")'.</msg>
<status status="PASS" starttime="20181014 23:04:26.381" endtime="20181014 23:04:26.392"></status>
</kw>
<status status="PASS" starttime="20181014 23:04:26.381" endtime="20181014 23:04:26.392"></status>
</kw>
<kw name="Close Browser" library="Selenium2Library" type="teardown">
<doc>Closes the current browser.</doc>
<status status="PASS" starttime="20181014 23:04:26.392" endtime="20181014 23:04:26.459"></status>
</kw>
<status status="PASS" starttime="20181014 23:04:22.779" endtime="20181014 23:04:26.459" critical="yes"></status>
</test>
<test id="s1-s2-t7" name="Invalid Email And Password">
<kw name="Given browser is opened to login page">
<kw name="Open Browser To Login Page" library="Resource">
<kw name="Open Browser" library="Selenium2Library">
<doc>Opens a new browser instance to the given ``url``.</doc>
<arguments>
<arg>${LOGIN URL}</arg>
<arg>browser=${BROWSER}</arg>
</arguments>
<msg timestamp="20181014 23:04:26.462" level="INFO">Opening browser 'chrome' to base url 'http://localhost:4000/sign_in/new'.</msg>
<status status="PASS" starttime="20181014 23:04:26.462" endtime="20181014 23:04:29.080"></status>
</kw>
<kw name="Maximize Browser Window" library="Selenium2Library">
<doc>Maximizes current browser window.</doc>
<status status="PASS" starttime="20181014 23:04:29.080" endtime="20181014 23:04:29.285"></status>
</kw>
<kw name="Set Selenium Speed" library="Selenium2Library">
<doc>Sets the delay that is waited after each Selenium command.</doc>
<arguments>
<arg>${DELAY}</arg>
</arguments>
<status status="PASS" starttime="20181014 23:04:29.285" endtime="20181014 23:04:29.286"></status>
</kw>
<kw name="Login Page Should Be Open" library="Resource">
<kw name="Page Should Contain Element" library="Selenium2Library">
<doc>Verifies that element ``locator`` is found on the current page.</doc>
<arguments>
<arg>${LOGIN BTN}</arg>
</arguments>
<msg timestamp="20181014 23:04:29.296" level="INFO">Current page contains element 'jquery:body &gt; div &gt; main &gt; div &gt; form &gt; div &gt; div &gt; div &gt; div &gt; button:contains("Log in")'.</msg>
<status status="PASS" starttime="20181014 23:04:29.287" endtime="20181014 23:04:29.296"></status>
</kw>
<status status="PASS" starttime="20181014 23:04:29.286" endtime="20181014 23:04:29.296"></status>
</kw>
<status status="PASS" starttime="20181014 23:04:26.461" endtime="20181014 23:04:29.296"></status>
</kw>
<status status="PASS" starttime="20181014 23:04:26.461" endtime="20181014 23:04:29.296"></status>
</kw>
<kw name="When user logs in with &quot;${INVALID EMAIL}&quot; and password &quot;${INVALID PW}&quot;">
<kw name="Input Email">
<arguments>
<arg>${email}</arg>
</arguments>
<kw name="Input Text" library="Selenium2Library">
<doc>Types the given ``text`` into text field identified by ``locator``.</doc>
<arguments>
<arg>${EMAIL INPUT}</arg>
<arg>${email}</arg>
</arguments>
<msg timestamp="20181014 23:04:29.298" level="INFO">Typing text 'asd@asd.com' into text field 'jquery:#session_email'.</msg>
<status status="PASS" starttime="20181014 23:04:29.297" endtime="20181014 23:04:29.397"></status>
</kw>
<status status="PASS" starttime="20181014 23:04:29.297" endtime="20181014 23:04:29.397"></status>
</kw>
<kw name="Input Password">
<arguments>
<arg>${password}</arg>
</arguments>
<kw name="Input Text" library="Selenium2Library">
<doc>Types the given ``text`` into text field identified by ``locator``.</doc>
<arguments>
<arg>${PW INPUT}</arg>
<arg>${password}</arg>
</arguments>
<msg timestamp="20181014 23:04:29.398" level="INFO">Typing text 'asdasdasd' into text field 'jquery:#session_password'.</msg>
<status status="PASS" starttime="20181014 23:04:29.398" endtime="20181014 23:04:29.473"></status>
</kw>
<status status="PASS" starttime="20181014 23:04:29.397" endtime="20181014 23:04:29.474"></status>
</kw>
<kw name="Submit Credentials">
<kw name="Click Button" library="Selenium2Library">
<doc>Clicks button identified by ``locator``.</doc>
<arguments>
<arg>${LOGIN BTN}</arg>
</arguments>
<msg timestamp="20181014 23:04:29.474" level="INFO">Clicking button 'jquery:body &gt; div &gt; main &gt; div &gt; form &gt; div &gt; div &gt; div &gt; div &gt; button:contains("Log in")'.</msg>
<status status="PASS" starttime="20181014 23:04:29.474" endtime="20181014 23:04:29.960"></status>
</kw>
<status status="PASS" starttime="20181014 23:04:29.474" endtime="20181014 23:04:29.961"></status>
</kw>
<status status="PASS" starttime="20181014 23:04:29.297" endtime="20181014 23:04:29.961"></status>
</kw>
<kw name="Then invalid email/password message should be shown" library="Resource">
<kw name="Page Should Contain Element" library="Selenium2Library">
<doc>Verifies that element ``locator`` is found on the current page.</doc>
<arguments>
<arg>${INVALID ELEMENT}</arg>
</arguments>
<msg timestamp="20181014 23:04:29.975" level="INFO">Current page contains element 'jquery:body &gt; div &gt; p.alert.alert-danger:contains("Invalid email/password combination")'.</msg>
<status status="PASS" starttime="20181014 23:04:29.961" endtime="20181014 23:04:29.976"></status>
</kw>
<status status="PASS" starttime="20181014 23:04:29.961" endtime="20181014 23:04:29.976"></status>
</kw>
<kw name="Close Browser" library="Selenium2Library" type="teardown">
<doc>Closes the current browser.</doc>
<status status="PASS" starttime="20181014 23:04:29.976" endtime="20181014 23:04:30.043"></status>
</kw>
<status status="PASS" starttime="20181014 23:04:26.460" endtime="20181014 23:04:30.043" critical="yes"></status>
</test>
<status status="PASS" starttime="20181014 23:04:03.889" endtime="20181014 23:04:30.045"></status>
</suite>
<suite id="s1-s3" name="3 Admin Teams Tests" source="/Users/AngTengHuat/Desktop/VJ_SS/Robotframework/3_Admin_Teams_Tests.robot">
<test id="s1-s3-t1" name="Create Team">
<kw name="Given browser is opened to login page" library="Resource">
<kw name="Open Browser To Login Page" library="Resource">
<kw name="Open Browser" library="Selenium2Library">
<doc>Opens a new browser instance to the given ``url``.</doc>
<arguments>
<arg>${LOGIN URL}</arg>
<arg>browser=${BROWSER}</arg>
</arguments>
<msg timestamp="20181014 23:04:30.061" level="INFO">Opening browser 'chrome' to base url 'http://localhost:4000/sign_in/new'.</msg>
<status status="PASS" starttime="20181014 23:04:30.060" endtime="20181014 23:04:32.723"></status>
</kw>
<kw name="Maximize Browser Window" library="Selenium2Library">
<doc>Maximizes current browser window.</doc>
<status status="PASS" starttime="20181014 23:04:32.723" endtime="20181014 23:04:32.923"></status>
</kw>
<kw name="Set Selenium Speed" library="Selenium2Library">
<doc>Sets the delay that is waited after each Selenium command.</doc>
<arguments>
<arg>${DELAY}</arg>
</arguments>
<status status="PASS" starttime="20181014 23:04:32.923" endtime="20181014 23:04:32.924"></status>
</kw>
<kw name="Login Page Should Be Open" library="Resource">
<kw name="Page Should Contain Element" library="Selenium2Library">
<doc>Verifies that element ``locator`` is found on the current page.</doc>
<arguments>
<arg>${LOGIN BTN}</arg>
</arguments>
<msg timestamp="20181014 23:04:32.932" level="INFO">Current page contains element 'jquery:body &gt; div &gt; main &gt; div &gt; form &gt; div &gt; div &gt; div &gt; div &gt; button:contains("Log in")'.</msg>
<status status="PASS" starttime="20181014 23:04:32.924" endtime="20181014 23:04:32.933"></status>
</kw>
<status status="PASS" starttime="20181014 23:04:32.924" endtime="20181014 23:04:32.933"></status>
</kw>
<status status="PASS" starttime="20181014 23:04:30.059" endtime="20181014 23:04:32.933"></status>
</kw>
<status status="PASS" starttime="20181014 23:04:30.059" endtime="20181014 23:04:32.933"></status>
</kw>
<kw name="And logged into an admin account" library="Resource">
<kw name="Input Login Email" library="Resource">
<arguments>
<arg>${ADMIN EMAIL}</arg>
</arguments>
<kw name="Input Text" library="Selenium2Library">
<doc>Types the given ``text`` into text field identified by ``locator``.</doc>
<arguments>
<arg>${EMAIL INPUT}</arg>
<arg>${email}</arg>
</arguments>
<msg timestamp="20181014 23:04:32.935" level="INFO">Typing text 'admin@test.com' into text field 'jquery:#session_email'.</msg>
<status status="PASS" starttime="20181014 23:04:32.934" endtime="20181014 23:04:33.045"></status>
</kw>
<status status="PASS" starttime="20181014 23:04:32.934" endtime="20181014 23:04:33.045"></status>
</kw>
<kw name="Input Login Password" library="Resource">
<arguments>
<arg>${ADMIN PW}</arg>
</arguments>
<kw name="Input Text" library="Selenium2Library">
<doc>Types the given ``text`` into text field identified by ``locator``.</doc>
<arguments>
<arg>${PW INPUT}</arg>
<arg>${password}</arg>
</arguments>
<msg timestamp="20181014 23:04:33.046" level="INFO">Typing text 'adminpassword' into text field 'jquery:#session_password'.</msg>
<status status="PASS" starttime="20181014 23:04:33.045" endtime="20181014 23:04:33.127"></status>
</kw>
<status status="PASS" starttime="20181014 23:04:33.045" endtime="20181014 23:04:33.127"></status>
</kw>
<kw name="Submit Login Credentials" library="Resource">
<kw name="Click Button" library="Selenium2Library">
<doc>Clicks button identified by ``locator``.</doc>
<arguments>
<arg>${LOGIN BTN}</arg>
</arguments>
<msg timestamp="20181014 23:04:33.128" level="INFO">Clicking button 'jquery:body &gt; div &gt; main &gt; div &gt; form &gt; div &gt; div &gt; div &gt; div &gt; button:contains("Log in")'.</msg>
<status status="PASS" starttime="20181014 23:04:33.128" endtime="20181014 23:04:33.645"></status>
</kw>
<status status="PASS" starttime="20181014 23:04:33.128" endtime="20181014 23:04:33.645"></status>
</kw>
<status status="PASS" starttime="20181014 23:04:32.934" endtime="20181014 23:04:33.645"></status>
</kw>
<kw name="When admin navigate to manage teams page">
<kw name="Go To" library="Selenium2Library">
<doc>Navigates the active browser instance to the provided ``url``.</doc>
<arguments>
<arg>${TEAM LIST URL}</arg>
</arguments>
<msg timestamp="20181014 23:04:33.646" level="INFO">Opening url 'http://localhost:4000/admin/team'</msg>
<status status="PASS" starttime="20181014 23:04:33.646" endtime="20181014 23:04:33.742"></status>
</kw>
<kw name="Manage Teams Page Should Be Open">
<kw name="Location Should Be" library="Selenium2Library">
<doc>Verifies that current URL is exactly ``url`.</doc>
<arguments>
<arg>${TEAM LIST URL}</arg>
</arguments>
<msg timestamp="20181014 23:04:33.747" level="INFO">Current location is 'http://localhost:4000/admin/team'.</msg>
<status status="PASS" starttime="20181014 23:04:33.742" endtime="20181014 23:04:33.747"></status>
</kw>
<kw name="Page Should Contain Element" library="Selenium2Library">
<doc>Verifies that element ``locator`` is found on the current page.</doc>
<arguments>
<arg>${MANAGE TEAM PAGE ELEMENT}</arg>
</arguments>
<msg timestamp="20181014 23:04:33.752" level="INFO">Current page contains element 'jquery:body &gt; div &gt; main &gt; div &gt; h1:contains("Listing teams")'.</msg>
<status status="PASS" starttime="20181014 23:04:33.747" endtime="20181014 23:04:33.752"></status>
</kw>
<status status="PASS" starttime="20181014 23:04:33.742" endtime="20181014 23:04:33.752"></status>
</kw>
<status status="PASS" starttime="20181014 23:04:33.645" endtime="20181014 23:04:33.752"></status>
</kw>
<kw name="And creates a new team">
<kw name="Create New Team">
<arguments>
<arg>${TEST TEAM}</arg>
</arguments>
<kw name="Input Text" library="Selenium2Library">
<doc>Types the given ``text`` into text field identified by ``locator``.</doc>
<arguments>
<arg>${CREATE TEAM INPUT ELEMENT}</arg>
<arg>${team name}</arg>
</arguments>
<msg timestamp="20181014 23:04:33.753" level="INFO">Typing text 'Test Team' into text field 'jquery:#team_name'.</msg>
<status status="PASS" starttime="20181014 23:04:33.753" endtime="20181014 23:04:33.825"></status>
</kw>
<kw name="Click Element" library="Selenium2Library">
<doc>Click element identified by ``locator``.</doc>
<arguments>
<arg>${CREATE TEAM BTN ELEMENT}</arg>
</arguments>
<msg timestamp="20181014 23:04:33.825" level="INFO">Clicking element 'jquery:body &gt; div &gt; main &gt; div &gt; div &gt; div &gt; form &gt; button:contains("Create")'.</msg>
<status status="PASS" starttime="20181014 23:04:33.825" endtime="20181014 23:04:33.951"></status>
</kw>
<status status="PASS" starttime="20181014 23:04:33.753" endtime="20181014 23:04:33.951"></status>
</kw>
<status status="PASS" starttime="20181014 23:04:33.752" endtime="20181014 23:04:33.951"></status>
</kw>
<kw name="Then a team created successfully message should be shown">
<kw name="Page Should Contain Element" library="Selenium2Library">
<doc>Verifies that element ``locator`` is found on the current page.</doc>
[...]
<status status="PASS" starttime="20181014 23:05:30.014" endtime="20181014 23:05:30.113"></status>
</kw>
<kw name="Manage Contests Page Should Be Open">
<kw name="Page Should Contain Element" library="Selenium2Library">
<doc>Verifies that element ``locator`` is found on the current page.</doc>
<arguments>
<arg>${CONTEST PAGE ELEMENT}</arg>
</arguments>
<msg timestamp="20181014 23:05:30.119" level="INFO">Current page contains element 'jquery:body &gt; div &gt; main &gt; div &gt; h2:contains("Listing contests")'.</msg>
<status status="PASS" starttime="20181014 23:05:30.113" endtime="20181014 23:05:30.119"></status>
</kw>
<status status="PASS" starttime="20181014 23:05:30.113" endtime="20181014 23:05:30.119"></status>
</kw>
<status status="PASS" starttime="20181014 23:05:30.014" endtime="20181014 23:05:30.119"></status>
</kw>
<kw name="And edits a contests details">
<kw name="Click Element" library="Selenium2Library">
<doc>Click element identified by ``locator``.</doc>
<arguments>
<arg>${EDIT CONTEST BTN ELEMENT}</arg>
</arguments>
<msg timestamp="20181014 23:05:30.120" level="INFO">Clicking element 'jquery:body &gt; div &gt; main &gt; div &gt; table &gt; tbody &gt; tr &gt; td:contains("Test Contest") ~ td &gt; .btn-group &gt; a:contains("Edit")'.</msg>
<status status="PASS" starttime="20181014 23:05:30.120" endtime="20181014 23:05:30.309"></status>
</kw>
<kw name="Input Text" library="Selenium2Library">
<doc>Types the given ``text`` into text field identified by ``locator``.</doc>
<arguments>
<arg>${EDIT CONTEST STARTTIME INPUT ELEMENT}</arg>
<arg>${TEST CONTEST REDATED}</arg>
</arguments>
<msg timestamp="20181014 23:05:30.310" level="INFO">Typing text '10/15/2018 4:32 PM' into text field 'jquery:#contest-container &gt; form &gt; div &gt; div &gt; div &gt; label:contains("Start time") + input'.</msg>
<status status="PASS" starttime="20181014 23:05:30.309" endtime="20181014 23:05:30.428"></status>
</kw>
<kw name="Click Element" library="Selenium2Library">
<doc>Click element identified by ``locator``.</doc>
<arguments>
<arg>${EDIT CONTEST SUBMIT BTN ELEMENT}</arg>
</arguments>
<msg timestamp="20181014 23:05:30.429" level="INFO">Clicking element 'jquery:#contest-container &gt; form &gt; div &gt; div &gt; div &gt; button:contains("Submit")'.</msg>
<status status="PASS" starttime="20181014 23:05:30.428" endtime="20181014 23:05:30.570"></status>
</kw>
<status status="PASS" starttime="20181014 23:05:30.119" endtime="20181014 23:05:30.570"></status>
</kw>
<kw name="Then a contest updated successfully message should be shown">
<kw name="Page Should Contain Element" library="Selenium2Library">
<doc>Verifies that element ``locator`` is found on the current page.</doc>
<arguments>
<arg>${EDIT CONTEST SUCCESS ELEMENT}</arg>
</arguments>
<msg timestamp="20181014 23:05:30.579" level="INFO">Current page contains element 'jquery:body &gt; div &gt; p.alert.alert-info:contains("Contest updated successfully.")'.</msg>
<status status="PASS" starttime="20181014 23:05:30.571" endtime="20181014 23:05:30.579"></status>
</kw>
<status status="PASS" starttime="20181014 23:05:30.571" endtime="20181014 23:05:30.579"></status>
</kw>
<kw name="Close Browser" library="Selenium2Library" type="teardown">
<doc>Closes the current browser.</doc>
<status status="PASS" starttime="20181014 23:05:30.579" endtime="20181014 23:05:30.646"></status>
</kw>
<status status="PASS" starttime="20181014 23:05:26.397" endtime="20181014 23:05:30.646" critical="yes"></status>
</test>
<test id="s1-s6-t4" name="Export Contest Results">
<kw name="Given browser is opened to login page" library="Resource">
<kw name="Open Browser To Login Page" library="Resource">
<kw name="Open Browser" library="Selenium2Library">
<doc>Opens a new browser instance to the given ``url``.</doc>
<arguments>
<arg>${LOGIN URL}</arg>
<arg>browser=${BROWSER}</arg>
</arguments>
<msg timestamp="20181014 23:05:30.648" level="INFO">Opening browser 'chrome' to base url 'http://localhost:4000/sign_in/new'.</msg>
<status status="PASS" starttime="20181014 23:05:30.648" endtime="20181014 23:05:33.398"></status>
</kw>
<kw name="Maximize Browser Window" library="Selenium2Library">
<doc>Maximizes current browser window.</doc>
<status status="PASS" starttime="20181014 23:05:33.399" endtime="20181014 23:05:33.599"></status>
</kw>
<kw name="Set Selenium Speed" library="Selenium2Library">
<doc>Sets the delay that is waited after each Selenium command.</doc>
<arguments>
<arg>${DELAY}</arg>
</arguments>
<status status="PASS" starttime="20181014 23:05:33.599" endtime="20181014 23:05:33.600"></status>
</kw>
<kw name="Login Page Should Be Open" library="Resource">
<kw name="Page Should Contain Element" library="Selenium2Library">
<doc>Verifies that element ``locator`` is found on the current page.</doc>
<arguments>
<arg>${LOGIN BTN}</arg>
</arguments>
<msg timestamp="20181014 23:05:33.610" level="INFO">Current page contains element 'jquery:body &gt; div &gt; main &gt; div &gt; form &gt; div &gt; div &gt; div &gt; div &gt; button:contains("Log in")'.</msg>
<status status="PASS" starttime="20181014 23:05:33.601" endtime="20181014 23:05:33.610"></status>
</kw>
<status status="PASS" starttime="20181014 23:05:33.600" endtime="20181014 23:05:33.610"></status>
</kw>
<status status="PASS" starttime="20181014 23:05:30.647" endtime="20181014 23:05:33.610"></status>
</kw>
<status status="PASS" starttime="20181014 23:05:30.647" endtime="20181014 23:05:33.610"></status>
</kw>
<kw name="And logged into an admin account" library="Resource">
<kw name="Input Login Email" library="Resource">
<arguments>
<arg>${ADMIN EMAIL}</arg>
</arguments>
<kw name="Input Text" library="Selenium2Library">
<doc>Types the given ``text`` into text field identified by ``locator``.</doc>
<arguments>
<arg>${EMAIL INPUT}</arg>
<arg>${email}</arg>
</arguments>
<msg timestamp="20181014 23:05:33.612" level="INFO">Typing text 'admin@test.com' into text field 'jquery:#session_email'.</msg>
<status status="PASS" starttime="20181014 23:05:33.611" endtime="20181014 23:05:33.742"></status>
</kw>
<status status="PASS" starttime="20181014 23:05:33.611" endtime="20181014 23:05:33.743"></status>
</kw>
<kw name="Input Login Password" library="Resource">
<arguments>
<arg>${ADMIN PW}</arg>
</arguments>
<kw name="Input Text" library="Selenium2Library">
<doc>Types the given ``text`` into text field identified by ``locator``.</doc>
<arguments>
<arg>${PW INPUT}</arg>
<arg>${password}</arg>
</arguments>
<msg timestamp="20181014 23:05:33.743" level="INFO">Typing text 'adminpassword' into text field 'jquery:#session_password'.</msg>
<status status="PASS" starttime="20181014 23:05:33.743" endtime="20181014 23:05:33.842"></status>
</kw>
<status status="PASS" starttime="20181014 23:05:33.743" endtime="20181014 23:05:33.842"></status>
</kw>
<kw name="Submit Login Credentials" library="Resource">
<kw name="Click Button" library="Selenium2Library">
<doc>Clicks button identified by ``locator``.</doc>
<arguments>
<arg>${LOGIN BTN}</arg>
</arguments>
<msg timestamp="20181014 23:05:33.843" level="INFO">Clicking button 'jquery:body &gt; div &gt; main &gt; div &gt; form &gt; div &gt; div &gt; div &gt; div &gt; button:contains("Log in")'.</msg>
<status status="PASS" starttime="20181014 23:05:33.843" endtime="20181014 23:05:34.363"></status>
</kw>
<status status="PASS" starttime="20181014 23:05:33.842" endtime="20181014 23:05:34.364"></status>
</kw>
<status status="PASS" starttime="20181014 23:05:33.611" endtime="20181014 23:05:34.364"></status>
</kw>
<kw name="When admin navigate to manage contests page">
<kw name="Go To" library="Selenium2Library">
<doc>Navigates the active browser instance to the provided ``url``.</doc>
<arguments>
<arg>${MANAGE CONTESTS URL}</arg>
</arguments>
<msg timestamp="20181014 23:05:34.365" level="INFO">Opening url 'http://localhost:4000/admin/contest'</msg>
<status status="PASS" starttime="20181014 23:05:34.365" endtime="20181014 23:05:34.454"></status>
</kw>
<kw name="Manage Contests Page Should Be Open">
<kw name="Page Should Contain Element" library="Selenium2Library">
<doc>Verifies that element ``locator`` is found on the current page.</doc>
<arguments>
<arg>${CONTEST PAGE ELEMENT}</arg>
</arguments>
<msg timestamp="20181014 23:05:34.463" level="INFO">Current page contains element 'jquery:body &gt; div &gt; main &gt; div &gt; h2:contains("Listing contests")'.</msg>
<status status="PASS" starttime="20181014 23:05:34.455" endtime="20181014 23:05:34.463"></status>
</kw>
<status status="PASS" starttime="20181014 23:05:34.454" endtime="20181014 23:05:34.463"></status>
</kw>
<status status="PASS" starttime="20181014 23:05:34.364" endtime="20181014 23:05:34.463"></status>
</kw>
<kw name="And click to view contest">
<kw name="Click Element" library="Selenium2Library">
<doc>Click element identified by ``locator``.</doc>
<arguments>
<arg>${VIEW CONTEST BTN ELEMENT}</arg>
</arguments>
<msg timestamp="20181014 23:05:34.464" level="INFO">Clicking element 'jquery:body &gt; div &gt; main &gt; div &gt; table &gt; tbody &gt; tr &gt; td:contains("Test Contest") ~ td &gt; .btn-group &gt; a:contains("Show")'.</msg>
<status status="PASS" starttime="20181014 23:05:34.464" endtime="20181014 23:05:34.582"></status>
</kw>
<status status="PASS" starttime="20181014 23:05:34.463" endtime="20181014 23:05:34.583"></status>
</kw>
<kw name="And export contest results">
<kw name="Click Element" library="Selenium2Library">
<doc>Click element identified by ``locator``.</doc>
<arguments>
<arg>${EXPORT CONTEST RESULTS BTN ELEMENT}</arg>
</arguments>
<msg timestamp="20181014 23:05:34.584" level="INFO">Clicking element 'jquery:body &gt; div &gt; main &gt; div &gt; p &gt; a:contains("Export contest results")'.</msg>
<status status="PASS" starttime="20181014 23:05:34.583" endtime="20181014 23:05:34.666"></status>
</kw>
<status status="PASS" starttime="20181014 23:05:34.583" endtime="20181014 23:05:34.666"></status>
</kw>
<kw name="Then a csv file should be downloaded">
<kw name="Get Environment Variable" library="OperatingSystem">
<doc>Returns the value of an environment variable with the given name.</doc>
<arguments>
<arg>HOME</arg>
</arguments>
<assign>
<var>${home_dir}</var>
</assign>
<msg timestamp="20181014 23:05:34.668" level="INFO">${home_dir} = /Users/AngTengHuat</msg>
<status status="PASS" starttime="20181014 23:05:34.667" endtime="20181014 23:05:34.668"></status>
</kw>
<kw name="Join Path" library="OperatingSystem">
<doc>Joins the given path part(s) to the given base path.</doc>
<arguments>
<arg>${home_dir}</arg>
<arg>Downloads</arg>
</arguments>
<assign>
<var>${download_dir}</var>
</assign>
<msg timestamp="20181014 23:05:34.669" level="INFO">${download_dir} = /Users/AngTengHuat/Downloads</msg>
<status status="PASS" starttime="20181014 23:05:34.668" endtime="20181014 23:05:34.669"></status>
</kw>
<kw name="File Should Exist" library="OperatingSystem">
<doc>Fails unless the given ``path`` points to an existing file.</doc>
<arguments>
<arg>${download_dir}/${EXPORT FILENAME}</arg>
</arguments>
<msg timestamp="20181014 23:05:34.670" level="INFO" html="yes">File '&lt;a href="file:///Users/AngTengHuat/Downloads/Test_Contest.csv"&gt;/Users/AngTengHuat/Downloads/Test_Contest.csv&lt;/a&gt;' exists.</msg>
<status status="PASS" starttime="20181014 23:05:34.670" endtime="20181014 23:05:34.671"></status>
</kw>
<status status="PASS" starttime="20181014 23:05:34.667" endtime="20181014 23:05:34.671"></status>
</kw>
<kw name="Close Browser" library="Selenium2Library" type="teardown">
<doc>Closes the current browser.</doc>
<status status="PASS" starttime="20181014 23:05:34.672" endtime="20181014 23:05:34.738"></status>
</kw>
<status status="PASS" starttime="20181014 23:05:30.646" endtime="20181014 23:05:34.738" critical="yes"></status>
</test>
<test id="s1-s6-t5" name="Delete Contest">
<kw name="Given browser is opened to login page" library="Resource">
<kw name="Open Browser To Login Page" library="Resource">
<kw name="Open Browser" library="Selenium2Library">
<doc>Opens a new browser instance to the given ``url``.</doc>
<arguments>
<arg>${LOGIN URL}</arg>
<arg>browser=${BROWSER}</arg>
</arguments>
<msg timestamp="20181014 23:05:34.740" level="INFO">Opening browser 'chrome' to base url 'http://localhost:4000/sign_in/new'.</msg>
<status status="PASS" starttime="20181014 23:05:34.740" endtime="20181014 23:05:37.520"></status>
</kw>
<kw name="Maximize Browser Window" library="Selenium2Library">
<doc>Maximizes current browser window.</doc>
<status status="PASS" starttime="20181014 23:05:37.521" endtime="20181014 23:05:37.731"></status>
</kw>
<kw name="Set Selenium Speed" library="Selenium2Library">
<doc>Sets the delay that is waited after each Selenium command.</doc>
<arguments>
<arg>${DELAY}</arg>
</arguments>
<status status="PASS" starttime="20181014 23:05:37.732" endtime="20181014 23:05:37.732"></status>
</kw>
<kw name="Login Page Should Be Open" library="Resource">
<kw name="Page Should Contain Element" library="Selenium2Library">
<doc>Verifies that element ``locator`` is found on the current page.</doc>
<arguments>
<arg>${LOGIN BTN}</arg>
</arguments>
<msg timestamp="20181014 23:05:37.742" level="INFO">Current page contains element 'jquery:body &gt; div &gt; main &gt; div &gt; form &gt; div &gt; div &gt; div &gt; div &gt; button:contains("Log in")'.</msg>
<status status="PASS" starttime="20181014 23:05:37.733" endtime="20181014 23:05:37.742"></status>
</kw>
<status status="PASS" starttime="20181014 23:05:37.733" endtime="20181014 23:05:37.742"></status>
</kw>
<status status="PASS" starttime="20181014 23:05:34.739" endtime="20181014 23:05:37.742"></status>
</kw>
<status status="PASS" starttime="20181014 23:05:34.739" endtime="20181014 23:05:37.742"></status>
</kw>
<kw name="And logged into an admin account" library="Resource">
<kw name="Input Login Email" library="Resource">
<arguments>
<arg>${ADMIN EMAIL}</arg>
</arguments>
<kw name="Input Text" library="Selenium2Library">
<doc>Types the given ``text`` into text field identified by ``locator``.</doc>
<arguments>
<arg>${EMAIL INPUT}</arg>
<arg>${email}</arg>
</arguments>
<msg timestamp="20181014 23:05:37.743" level="INFO">Typing text 'admin@test.com' into text field 'jquery:#session_email'.</msg>
<status status="PASS" starttime="20181014 23:05:37.743" endtime="20181014 23:05:37.845"></status>
</kw>
<status status="PASS" starttime="20181014 23:05:37.743" endtime="20181014 23:05:37.845"></status>
</kw>
<kw name="Input Login Password" library="Resource">
<arguments>
<arg>${ADMIN PW}</arg>
</arguments>
<kw name="Input Text" library="Selenium2Library">
<doc>Types the given ``text`` into text field identified by ``locator``.</doc>
<arguments>
<arg>${PW INPUT}</arg>
<arg>${password}</arg>
</arguments>
<msg timestamp="20181014 23:05:37.846" level="INFO">Typing text 'adminpassword' into text field 'jquery:#session_password'.</msg>
<status status="PASS" starttime="20181014 23:05:37.846" endtime="20181014 23:05:37.926"></status>
</kw>
<status status="PASS" starttime="20181014 23:05:37.845" endtime="20181014 23:05:37.926"></status>
</kw>
<kw name="Submit Login Credentials" library="Resource">
<kw name="Click Button" library="Selenium2Library">
<doc>Clicks button identified by ``locator``.</doc>
<arguments>
<arg>${LOGIN BTN}</arg>
</arguments>
<msg timestamp="20181014 23:05:37.927" level="INFO">Clicking button 'jquery:body &gt; div &gt; main &gt; div &gt; form &gt; div &gt; div &gt; div &gt; div &gt; button:contains("Log in")'.</msg>
<status status="PASS" starttime="20181014 23:05:37.927" endtime="20181014 23:05:38.451"></status>
</kw>
<status status="PASS" starttime="20181014 23:05:37.926" endtime="20181014 23:05:38.451"></status>
</kw>
<status status="PASS" starttime="20181014 23:05:37.742" endtime="20181014 23:05:38.451"></status>
</kw>
<kw name="When admin navigate to manage contests page">
<kw name="Go To" library="Selenium2Library">
<doc>Navigates the active browser instance to the provided ``url``.</doc>
<arguments>
<arg>${MANAGE CONTESTS URL}</arg>
</arguments>
<msg timestamp="20181014 23:05:38.453" level="INFO">Opening url 'http://localhost:4000/admin/contest'</msg>
<status status="PASS" starttime="20181014 23:05:38.452" endtime="20181014 23:05:38.562"></status>
</kw>
<kw name="Manage Contests Page Should Be Open">
<kw name="Page Should Contain Element" library="Selenium2Library">
<doc>Verifies that element ``locator`` is found on the current page.</doc>
<arguments>
<arg>${CONTEST PAGE ELEMENT}</arg>
</arguments>
<msg timestamp="20181014 23:05:38.568" level="INFO">Current page contains element 'jquery:body &gt; div &gt; main &gt; div &gt; h2:contains("Listing contests")'.</msg>
<status status="PASS" starttime="20181014 23:05:38.563" endtime="20181014 23:05:38.568"></status>
</kw>
<status status="PASS" starttime="20181014 23:05:38.563" endtime="20181014 23:05:38.569"></status>
</kw>
<status status="PASS" starttime="20181014 23:05:38.452" endtime="20181014 23:05:38.569"></status>
</kw>
<kw name="And deletes a contests details">
<kw name="Click Element" library="Selenium2Library">
<doc>Click element identified by ``locator``.</doc>
<arguments>
<arg>${DELETE CONTEST BTN ELEMENT}</arg>
</arguments>
<msg timestamp="20181014 23:05:38.570" level="INFO">Clicking element 'jquery:body &gt; div &gt; main &gt; div &gt; table &gt; tbody &gt; tr &gt; td:contains("Test Contest") ~ td &gt; .btn-group &gt; form &gt; button:contains("Delete")'.</msg>
<status status="PASS" starttime="20181014 23:05:38.569" endtime="20181014 23:05:38.662"></status>
</kw>
<kw name="Handle Alert" library="Selenium2Library">
<doc>Handles the current alert and returns its message.</doc>
<status status="PASS" starttime="20181014 23:05:38.662" endtime="20181014 23:05:38.778"></status>
</kw>
<status status="PASS" starttime="20181014 23:05:38.569" endtime="20181014 23:05:38.779"></status>
</kw>
<kw name="Then a contest deleted successfully message should be shown">
<kw name="Page Should Contain Element" library="Selenium2Library">
<doc>Verifies that element ``locator`` is found on the current page.</doc>
<arguments>
<arg>${DELETE CONTEST SUCCESS ELEMENT}</arg>
</arguments>
<msg timestamp="20181014 23:05:38.907" level="INFO">Current page contains element 'jquery:body &gt; div &gt; p.alert.alert-info:contains("Contest deleted successfully.")'.</msg>
<status status="PASS" starttime="20181014 23:05:38.780" endtime="20181014 23:05:38.907"></status>
</kw>
<status status="PASS" starttime="20181014 23:05:38.779" endtime="20181014 23:05:38.907"></status>
</kw>
<kw name="Close Browser" library="Selenium2Library" type="teardown">
<doc>Closes the current browser.</doc>
<status status="PASS" starttime="20181014 23:05:38.908" endtime="20181014 23:05:38.982"></status>
</kw>
<status status="PASS" starttime="20181014 23:05:34.738" endtime="20181014 23:05:38.982" critical="yes"></status>
</test>
<status status="PASS" starttime="20181014 23:05:17.644" endtime="20181014 23:05:38.984"></status>
</suite>
<status status="PASS" starttime="20181014 23:03:43.278" endtime="20181014 23:05:38.994"></status>
</suite>
<statistics>
<total>
<stat pass="26" fail="0">Critical Tests</stat>
<stat pass="26" fail="0">All Tests</stat>
</total>
<tag>
</tag>
<suite>
<stat pass="26" fail="0" id="s1" name="Robotframework">Robotframework</stat>
<stat pass="4" fail="0" id="s1-s1" name="1 Register Tests">Robotframework.1 Register Tests</stat>
<stat pass="7" fail="0" id="s1-s2" name="2 Login Tests">Robotframework.2 Login Tests</stat>
<stat pass="2" fail="0" id="s1-s3" name="3 Admin Teams Tests">Robotframework.3 Admin Teams Tests</stat>
<stat pass="4" fail="0" id="s1-s4" name="4 Admin Users Tests">Robotframework.4 Admin Users Tests</stat>
<stat pass="4" fail="0" id="s1-s5" name="5 Admin Practice Tests">Robotframework.5 Admin Practice Tests</stat>
<stat pass="5" fail="0" id="s1-s6" name="6 Admin Contest Tests">Robotframework.6 Admin Contest Tests</stat>
</suite>
</statistics>
<errors>
</errors>
</robot>
